Using pre-set license
Built from '2021.2/staging' branch; Version is '2021.2.8f1 (d0e5f0a7b06a) revision 13690352'; Using compiler version '192829333'; Build Type 'Release'
OS: 'Windows 10  (10.0.19042) 64bit Education' Language: 'en' Physical Memory: 32494 MB
BatchMode: 1, IsHumanControllingUs: 0, StartBugReporterOnCrash: 0, Is64bit: 1, IsPro: 0

COMMAND LINE ARGUMENTS:
C:\Program Files\Unity\Hub\Editor\2021.2.8f1\Editor\Unity.exe
-adb2
-batchMode
-noUpm
-name
AssetImportWorker0
-projectPath
C:/Development/GitHub/Bridge-LOD-Demo
-logFile
Logs/AssetImportWorker0.log
-srvPort
60712
Successfully changed project path to: C:/Development/GitHub/Bridge-LOD-Demo
C:/Development/GitHub/Bridge-LOD-Demo
[UnityMemory] Configuration Parameters - Can be set up in boot.config
    "memorysetup-bucket-allocator-granularity=16"
    "memorysetup-bucket-allocator-bucket-count=8"
    "memorysetup-bucket-allocator-block-size=33554432"
    "memorysetup-bucket-allocator-block-count=8"
    "memorysetup-main-allocator-block-size=16777216"
    "memorysetup-thread-allocator-block-size=16777216"
    "memorysetup-gfx-main-allocator-block-size=16777216"
    "memorysetup-gfx-thread-allocator-block-size=16777216"
    "memorysetup-cache-allocator-block-size=4194304"
    "memorysetup-typetree-allocator-block-size=2097152"
    "memorysetup-profiler-bucket-allocator-granularity=16"
    "memorysetup-profiler-bucket-allocator-bucket-count=8"
    "memorysetup-profiler-bucket-allocator-block-size=33554432"
    "memorysetup-profiler-bucket-allocator-block-count=8"
    "memorysetup-profiler-allocator-block-size=16777216"
    "memorysetup-profiler-editor-allocator-block-size=1048576"
    "memorysetup-temp-allocator-size-main=16777216"
    "memorysetup-job-temp-allocator-block-size=2097152"
    "memorysetup-job-temp-allocator-block-size-background=1048576"
    "memorysetup-job-temp-allocator-reduction-small-platforms=262144"
    "memorysetup-temp-allocator-size-background-worker=32768"
    "memorysetup-temp-allocator-size-job-worker=262144"
    "memorysetup-temp-allocator-size-preload-manager=33554432"
    "memorysetup-temp-allocator-size-nav-mesh-worker=65536"
    "memorysetup-temp-allocator-size-audio-worker=65536"
    "memorysetup-temp-allocator-size-cloud-worker=32768"
    "memorysetup-temp-allocator-size-gi-baking-worker=262144"
    "memorysetup-temp-allocator-size-gfx=262144"
Refreshing native plugins compatible for Editor in 82.09 ms, found 8 plugins.
Preloading 0 native plugins for Editor in 0.00 ms.
Initialize engine version: 2021.2.8f1 (d0e5f0a7b06a)
[Subsystems] Discovering subsystems at path C:/Program Files/Unity/Hub/Editor/2021.2.8f1/Editor/Data/Resources/UnitySubsystems
[Subsystems] Discovering subsystems at path C:/Development/GitHub/Bridge-LOD-Demo/Assets
GfxDevice: creating device client; threaded=0; jobified=0
Direct3D:
    Version:  Direct3D 11.0 [level 11.1]
    Renderer: NVIDIA GeForce GTX 1080 (ID=0x1b80)
    Vendor:   NVIDIA
    VRAM:     8079 MB
    Driver:   27.21.14.5751
Initialize mono
Mono path[0] = 'C:/Program Files/Unity/Hub/Editor/2021.2.8f1/Editor/Data/Managed'
Mono path[1] = 'C:/Program Files/Unity/Hub/Editor/2021.2.8f1/Editor/Data/MonoBleedingEdge/lib/mono/unityjit-win32'
Mono config path = 'C:/Program Files/Unity/Hub/Editor/2021.2.8f1/Editor/Data/MonoBleedingEdge/etc'
Using monoOptions --debugger-agent=transport=dt_socket,embedding=1,server=y,suspend=n,address=127.0.0.1:56412
Begin MonoManager ReloadAssembly
Registering precompiled unity dll's ...
Register platform support module: C:/Program Files/Unity/Hub/Editor/2021.2.8f1/Editor/Data/PlaybackEngines/WebGLSupport/UnityEditor.WebGL.Extensions.dll
Register platform support module: C:/Program Files/Unity/Hub/Editor/2021.2.8f1/Editor/Data/PlaybackEngines/WindowsStandaloneSupport/UnityEditor.WindowsStandalone.Extensions.dll
Registered in 0.006351 seconds.
Native extension for WindowsStandalone target not found
Native extension for WebGL target not found
Refreshing native plugins compatible for Editor in 77.80 ms, found 8 plugins.
Preloading 0 native plugins for Editor in 0.00 ms.
Mono: successfully reloaded assembly
- Completed reload, in  0.524 seconds
Domain Reload Profiling:
	ReloadAssembly (524ms)
		BeginReloadAssembly (62ms)
			ExecutionOrderSort (0ms)
			DisableScriptedObjects (0ms)
			BackupInstance (0ms)
			ReleaseScriptingObjects (0ms)
			CreateAndSetChildDomain (1ms)
		EndReloadAssembly (395ms)
			LoadAssemblies (60ms)
			RebuildTransferFunctionScriptingTraits (0ms)
			SetupTypeCache (77ms)
			ReleaseScriptCaches (0ms)
			RebuildScriptCaches (20ms)
			SetupLoadedEditorAssemblies (252ms)
				LogAssemblyErrors (0ms)
				InitializePlatformSupportModulesInManaged (16ms)
				SetLoadedEditorAssemblies (0ms)
				RefreshPlugins (78ms)
				BeforeProcessingInitializeOnLoad (1ms)
				ProcessInitializeOnLoadAttributes (118ms)
				ProcessInitializeOnLoadMethodAttributes (39ms)
				AfterProcessingInitializeOnLoad (0ms)
				EditorAssembliesLoaded (0ms)
			ExecutionOrderSort2 (0ms)
			AwakeInstancesAfterBackupRestoration (0ms)
Platform modules already initialized, skipping
Registering precompiled user dll's ...
Registered in 0.009652 seconds.
Begin MonoManager ReloadAssembly
Symbol file LoadedFromMemory doesn't match image C:\Development\GitHub\Bridge-LOD-Demo\Library\PackageCache\com.unity.visualscripting@1.7.6\Editor\VisualScripting.Core\Dependencies\YamlDotNet\Unity.VisualScripting.YamlDotNet.dll
Symbol file LoadedFromMemory doesn't match image C:\Development\GitHub\Bridge-LOD-Demo\Library\PackageCache\com.unity.visualscripting@1.7.6\Editor\VisualScripting.Core\Dependencies\DotNetZip\Unity.VisualScripting.IonicZip.dll
Native extension for WindowsStandalone target not found
Native extension for WebGL target not found
Refreshing native plugins compatible for Editor in 81.04 ms, found 8 plugins.
Preloading 0 native plugins for Editor in 0.00 ms.
Package Manager log level set to [2]
Mono: successfully reloaded assembly
- Completed reload, in  1.033 seconds
Domain Reload Profiling:
	ReloadAssembly (1033ms)
		BeginReloadAssembly (121ms)
			ExecutionOrderSort (0ms)
			DisableScriptedObjects (4ms)
			BackupInstance (0ms)
			ReleaseScriptingObjects (0ms)
			CreateAndSetChildDomain (24ms)
		EndReloadAssembly (827ms)
			LoadAssemblies (86ms)
			RebuildTransferFunctionScriptingTraits (0ms)
			SetupTypeCache (192ms)
			ReleaseScriptCaches (1ms)
			RebuildScriptCaches (45ms)
			SetupLoadedEditorAssemblies (472ms)
				LogAssemblyErrors (0ms)
				InitializePlatformSupportModulesInManaged (10ms)
				SetLoadedEditorAssemblies (0ms)
				RefreshPlugins (81ms)
				BeforeProcessingInitializeOnLoad (77ms)
				ProcessInitializeOnLoadAttributes (271ms)
				ProcessInitializeOnLoadMethodAttributes (24ms)
				AfterProcessingInitializeOnLoad (8ms)
				EditorAssembliesLoaded (0ms)
			ExecutionOrderSort2 (0ms)
			AwakeInstancesAfterBackupRestoration (6ms)
Platform modules already initialized, skipping
========================================================================
Worker process is ready to serve import requests
Launched and connected shader compiler UnityShaderCompiler.exe after 0.04 seconds
Refreshing native plugins compatible for Editor in 1.07 ms, found 8 plugins.
Preloading 0 native plugins for Editor in 0.00 ms.
Unloading 3869 Unused Serialized files (Serialized files now loaded: 0)
Unloading 44 unused Assets / (56.2 KB). Loaded Objects now: 4315.
Memory consumption went from 138.7 MB to 138.6 MB.
Total: 2.890400 ms (FindLiveObjects: 0.259200 ms CreateObjectMapping: 0.104300 ms MarkObjects: 2.433300 ms  DeleteObjects: 0.077600 ms)

AssetImportParameters requested are different than current active one (requested -> active):
  custom:video-decoder-ogg-theora: a1e56fd34408186e4bbccfd4996cb3dc -> 
  custom:container-muxer-webm: aa71ff27fc2769a1b78a27578f13a17b -> 
  custom:container-demuxer-webm: 4f35f7cbe854078d1ac9338744f61a02 -> 
  custom:video-encoder-webm-vp8: eb34c28f22e8b96e1ab97ce403110664 -> 
  custom:audio-encoder-webm-vorbis: bf7c407c2cedff20999df2af8eb42d56 -> 
  custom:framework-win-MediaFoundation: 216162199b28c13a410421893ffa2e32 -> 
  custom:container-demuxer-ogg: 62fdf1f143b41e24485cea50d1cbac27 -> 
  custom:video-decoder-webm-vp8: 9c59270c3fd7afecdb556c50c9e8de78 -> 
  custom:audio-decoder-ogg-vorbis: bf7c407c2cedff20999df2af8eb42d56 -> 
========================================================================
Received Import Request.
  Time since last request: 341093.999254 seconds.
  path: Assets/New Terrain.asset
  artifactKey: Guid(e7a914662a488e24f8968d0f0a9b7008) Importer(815301076,1909f56bfc062723c751e8b465ee728b)
Start importing Assets/New Terrain.asset using Guid(e7a914662a488e24f8968d0f0a9b7008) Importer(815301076,1909f56bfc062723c751e8b465ee728b)  -> (artifact id: 'ec0ca57f4107e677614b685ac225ad39') in 0.075064 seconds 
========================================================================
Received Import Request.
  Time since last request: 9.892277 seconds.
  path: Assets/Scenes/SampleScene.unity
  artifactKey: Guid(9fc0d4010bbf28b4594072e72b8655ab) Importer(815301076,1909f56bfc062723c751e8b465ee728b)
Start importing Assets/Scenes/SampleScene.unity using Guid(9fc0d4010bbf28b4594072e72b8655ab) Importer(815301076,1909f56bfc062723c751e8b465ee728b)  -> (artifact id: '59d4f949031c68135f5b4f3400c8fc00') in 0.003419 seconds 
========================================================================
Received Prepare
Registering precompiled user dll's ...
Registered in 0.013091 seconds.
Begin MonoManager ReloadAssembly
Symbol file LoadedFromMemory doesn't match image C:\Development\GitHub\Bridge-LOD-Demo\Library\PackageCache\com.unity.visualscripting@1.7.6\Editor\VisualScripting.Core\Dependencies\YamlDotNet\Unity.VisualScripting.YamlDotNet.dll
Symbol file LoadedFromMemory doesn't match image C:\Development\GitHub\Bridge-LOD-Demo\Library\PackageCache\com.unity.visualscripting@1.7.6\Editor\VisualScripting.Core\Dependencies\DotNetZip\Unity.VisualScripting.IonicZip.dll
Native extension for WindowsStandalone target not found
Native extension for WebGL target not found
Refreshing native plugins compatible for Editor in 1.04 ms, found 8 plugins.
Preloading 0 native plugins for Editor in 0.00 ms.
Mono: successfully reloaded assembly
- Completed reload, in  1.066 seconds
Domain Reload Profiling:
	ReloadAssembly (1066ms)
		BeginReloadAssembly (142ms)
			ExecutionOrderSort (0ms)
			DisableScriptedObjects (4ms)
			BackupInstance (0ms)
			ReleaseScriptingObjects (0ms)
			CreateAndSetChildDomain (38ms)
		EndReloadAssembly (816ms)
			LoadAssemblies (90ms)
			RebuildTransferFunctionScriptingTraits (0ms)
			SetupTypeCache (249ms)
			ReleaseScriptCaches (2ms)
			RebuildScriptCaches (46ms)
			SetupLoadedEditorAssemblies (374ms)
				LogAssemblyErrors (0ms)
				InitializePlatformSupportModulesInManaged (16ms)
				SetLoadedEditorAssemblies (0ms)
				RefreshPlugins (1ms)
				BeforeProcessingInitializeOnLoad (71ms)
				ProcessInitializeOnLoadAttributes (252ms)
				ProcessInitializeOnLoadMethodAttributes (25ms)
				AfterProcessingInitializeOnLoad (8ms)
				EditorAssembliesLoaded (0ms)
			ExecutionOrderSort2 (0ms)
			AwakeInstancesAfterBackupRestoration (14ms)
Platform modules already initialized, skipping
Refreshing native plugins compatible for Editor in 1.04 ms, found 8 plugins.
Preloading 0 native plugins for Editor in 0.00 ms.
Unloading 3807 Unused Serialized files (Serialized files now loaded: 0)
Unloading 39 unused Assets / (0.5 MB). Loaded Objects now: 4336.
Memory consumption went from 138.6 MB to 138.1 MB.
Total: 3.952800 ms (FindLiveObjects: 0.320500 ms CreateObjectMapping: 0.156500 ms MarkObjects: 3.160900 ms  DeleteObjects: 0.313900 ms)

AssetImportParameters requested are different than current active one (requested -> active):
  custom:video-decoder-ogg-theora: a1e56fd34408186e4bbccfd4996cb3dc -> 
  custom:container-muxer-webm: aa71ff27fc2769a1b78a27578f13a17b -> 
  custom:container-demuxer-webm: 4f35f7cbe854078d1ac9338744f61a02 -> 
  custom:video-encoder-webm-vp8: eb34c28f22e8b96e1ab97ce403110664 -> 
  custom:audio-encoder-webm-vorbis: bf7c407c2cedff20999df2af8eb42d56 -> 
  custom:framework-win-MediaFoundation: 216162199b28c13a410421893ffa2e32 -> 
  custom:container-demuxer-ogg: 62fdf1f143b41e24485cea50d1cbac27 -> 
  custom:video-decoder-webm-vp8: 9c59270c3fd7afecdb556c50c9e8de78 -> 
  custom:audio-decoder-ogg-vorbis: bf7c407c2cedff20999df2af8eb42d56 -> 
========================================================================
Received Prepare
Registering precompiled user dll's ...
Registered in 0.009666 seconds.
Begin MonoManager ReloadAssembly
Symbol file LoadedFromMemory doesn't match image C:\Development\GitHub\Bridge-LOD-Demo\Library\PackageCache\com.unity.visualscripting@1.7.6\Editor\VisualScripting.Core\Dependencies\YamlDotNet\Unity.VisualScripting.YamlDotNet.dll
Symbol file LoadedFromMemory doesn't match image C:\Development\GitHub\Bridge-LOD-Demo\Library\PackageCache\com.unity.visualscripting@1.7.6\Editor\VisualScripting.Core\Dependencies\DotNetZip\Unity.VisualScripting.IonicZip.dll
Native extension for WindowsStandalone target not found
Native extension for WebGL target not found
Refreshing native plugins compatible for Editor in 1.11 ms, found 8 plugins.
Preloading 0 native plugins for Editor in 0.00 ms.
Mono: successfully reloaded assembly
- Completed reload, in  1.007 seconds
Domain Reload Profiling:
	ReloadAssembly (1008ms)
		BeginReloadAssembly (147ms)
			ExecutionOrderSort (0ms)
			DisableScriptedObjects (4ms)
			BackupInstance (0ms)
			ReleaseScriptingObjects (0ms)
			CreateAndSetChildDomain (37ms)
		EndReloadAssembly (775ms)
			LoadAssemblies (90ms)
			RebuildTransferFunctionScriptingTraits (0ms)
			SetupTypeCache (236ms)
			ReleaseScriptCaches (2ms)
			RebuildScriptCaches (42ms)
			SetupLoadedEditorAssemblies (353ms)
				LogAssemblyErrors (0ms)
				InitializePlatformSupportModulesInManaged (16ms)
				SetLoadedEditorAssemblies (1ms)
				RefreshPlugins (1ms)
				BeforeProcessingInitializeOnLoad (74ms)
				ProcessInitializeOnLoadAttributes (234ms)
				ProcessInitializeOnLoadMethodAttributes (19ms)
				AfterProcessingInitializeOnLoad (10ms)
				EditorAssembliesLoaded (0ms)
			ExecutionOrderSort2 (0ms)
			AwakeInstancesAfterBackupRestoration (13ms)
Platform modules already initialized, skipping
Refreshing native plugins compatible for Editor in 1.15 ms, found 8 plugins.
Preloading 0 native plugins for Editor in 0.00 ms.
Unloading 3806 Unused Serialized files (Serialized files now loaded: 0)
Unloading 37 unused Assets / (24.6 KB). Loaded Objects now: 4339.
Memory consumption went from 138.1 MB to 138.1 MB.
Total: 3.630400 ms (FindLiveObjects: 0.353600 ms CreateObjectMapping: 0.185900 ms MarkObjects: 3.059400 ms  DeleteObjects: 0.030300 ms)

AssetImportParameters requested are different than current active one (requested -> active):
  custom:video-decoder-ogg-theora: a1e56fd34408186e4bbccfd4996cb3dc -> 
  custom:container-muxer-webm: aa71ff27fc2769a1b78a27578f13a17b -> 
  custom:container-demuxer-webm: 4f35f7cbe854078d1ac9338744f61a02 -> 
  custom:video-encoder-webm-vp8: eb34c28f22e8b96e1ab97ce403110664 -> 
  custom:audio-encoder-webm-vorbis: bf7c407c2cedff20999df2af8eb42d56 -> 
  custom:framework-win-MediaFoundation: 216162199b28c13a410421893ffa2e32 -> 
  custom:container-demuxer-ogg: 62fdf1f143b41e24485cea50d1cbac27 -> 
  custom:video-decoder-webm-vp8: 9c59270c3fd7afecdb556c50c9e8de78 -> 
  custom:audio-decoder-ogg-vorbis: bf7c407c2cedff20999df2af8eb42d56 -> 
========================================================================
Received Prepare
Registering precompiled user dll's ...
Registered in 0.010519 seconds.
Begin MonoManager ReloadAssembly
Symbol file LoadedFromMemory doesn't match image C:\Development\GitHub\Bridge-LOD-Demo\Library\PackageCache\com.unity.visualscripting@1.7.6\Editor\VisualScripting.Core\Dependencies\YamlDotNet\Unity.VisualScripting.YamlDotNet.dll
Symbol file LoadedFromMemory doesn't match image C:\Development\GitHub\Bridge-LOD-Demo\Library\PackageCache\com.unity.visualscripting@1.7.6\Editor\VisualScripting.Core\Dependencies\DotNetZip\Unity.VisualScripting.IonicZip.dll
Native extension for WindowsStandalone target not found
Native extension for WebGL target not found
Refreshing native plugins compatible for Editor in 1.06 ms, found 8 plugins.
Preloading 0 native plugins for Editor in 0.00 ms.
Mono: successfully reloaded assembly
- Completed reload, in  1.049 seconds
Domain Reload Profiling:
	ReloadAssembly (1050ms)
		BeginReloadAssembly (148ms)
			ExecutionOrderSort (0ms)
			DisableScriptedObjects (6ms)
			BackupInstance (0ms)
			ReleaseScriptingObjects (0ms)
			CreateAndSetChildDomain (37ms)
		EndReloadAssembly (799ms)
			LoadAssemblies (93ms)
			RebuildTransferFunctionScriptingTraits (0ms)
			SetupTypeCache (250ms)
			ReleaseScriptCaches (2ms)
			RebuildScriptCaches (43ms)
			SetupLoadedEditorAssemblies (374ms)
				LogAssemblyErrors (0ms)
				InitializePlatformSupportModulesInManaged (11ms)
				SetLoadedEditorAssemblies (0ms)
				RefreshPlugins (1ms)
				BeforeProcessingInitializeOnLoad (74ms)
				ProcessInitializeOnLoadAttributes (252ms)
				ProcessInitializeOnLoadMethodAttributes (25ms)
				AfterProcessingInitializeOnLoad (9ms)
				EditorAssembliesLoaded (0ms)
			ExecutionOrderSort2 (0ms)
			AwakeInstancesAfterBackupRestoration (12ms)
Platform modules already initialized, skipping
Refreshing native plugins compatible for Editor in 0.58 ms, found 8 plugins.
Preloading 0 native plugins for Editor in 0.00 ms.
Unloading 3805 Unused Serialized files (Serialized files now loaded: 0)
Unloading 37 unused Assets / (24.6 KB). Loaded Objects now: 4342.
Memory consumption went from 138.1 MB to 138.1 MB.
Total: 3.758500 ms (FindLiveObjects: 0.343600 ms CreateObjectMapping: 0.149400 ms MarkObjects: 3.238700 ms  DeleteObjects: 0.025400 ms)

AssetImportParameters requested are different than current active one (requested -> active):
  custom:video-decoder-ogg-theora: a1e56fd34408186e4bbccfd4996cb3dc -> 
  custom:container-muxer-webm: aa71ff27fc2769a1b78a27578f13a17b -> 
  custom:container-demuxer-webm: 4f35f7cbe854078d1ac9338744f61a02 -> 
  custom:video-encoder-webm-vp8: eb34c28f22e8b96e1ab97ce403110664 -> 
  custom:audio-encoder-webm-vorbis: bf7c407c2cedff20999df2af8eb42d56 -> 
  custom:framework-win-MediaFoundation: 216162199b28c13a410421893ffa2e32 -> 
  custom:container-demuxer-ogg: 62fdf1f143b41e24485cea50d1cbac27 -> 
  custom:video-decoder-webm-vp8: 9c59270c3fd7afecdb556c50c9e8de78 -> 
  custom:audio-decoder-ogg-vorbis: bf7c407c2cedff20999df2af8eb42d56 -> 
========================================================================
Received Prepare
Registering precompiled user dll's ...
Registered in 0.008162 seconds.
Begin MonoManager ReloadAssembly
Symbol file LoadedFromMemory doesn't match image C:\Development\GitHub\Bridge-LOD-Demo\Library\PackageCache\com.unity.visualscripting@1.7.6\Editor\VisualScripting.Core\Dependencies\YamlDotNet\Unity.VisualScripting.YamlDotNet.dll
Symbol file LoadedFromMemory doesn't match image C:\Development\GitHub\Bridge-LOD-Demo\Library\PackageCache\com.unity.visualscripting@1.7.6\Editor\VisualScripting.Core\Dependencies\DotNetZip\Unity.VisualScripting.IonicZip.dll
Native extension for WindowsStandalone target not found
Native extension for WebGL target not found
Refreshing native plugins compatible for Editor in 0.97 ms, found 8 plugins.
Preloading 0 native plugins for Editor in 0.00 ms.
Mono: successfully reloaded assembly
- Completed reload, in  0.840 seconds
Domain Reload Profiling:
	ReloadAssembly (841ms)
		BeginReloadAssembly (123ms)
			ExecutionOrderSort (0ms)
			DisableScriptedObjects (5ms)
			BackupInstance (0ms)
			ReleaseScriptingObjects (0ms)
			CreateAndSetChildDomain (34ms)
		EndReloadAssembly (636ms)
			LoadAssemblies (71ms)
			RebuildTransferFunctionScriptingTraits (0ms)
			SetupTypeCache (174ms)
			ReleaseScriptCaches (1ms)
			RebuildScriptCaches (30ms)
			SetupLoadedEditorAssemblies (323ms)
				LogAssemblyErrors (0ms)
				InitializePlatformSupportModulesInManaged (13ms)
				SetLoadedEditorAssemblies (1ms)
				RefreshPlugins (1ms)
				BeforeProcessingInitializeOnLoad (67ms)
				ProcessInitializeOnLoadAttributes (216ms)
				ProcessInitializeOnLoadMethodAttributes (19ms)
				AfterProcessingInitializeOnLoad (6ms)
				EditorAssembliesLoaded (0ms)
			ExecutionOrderSort2 (0ms)
			AwakeInstancesAfterBackupRestoration (9ms)
Platform modules already initialized, skipping
Refreshing native plugins compatible for Editor in 1.02 ms, found 8 plugins.
Preloading 0 native plugins for Editor in 0.00 ms.
Unloading 3805 Unused Serialized files (Serialized files now loaded: 0)
Unloading 37 unused Assets / (24.6 KB). Loaded Objects now: 4345.
Memory consumption went from 138.1 MB to 138.1 MB.
Total: 3.292600 ms (FindLiveObjects: 0.382400 ms CreateObjectMapping: 0.197600 ms MarkObjects: 2.680500 ms  DeleteObjects: 0.031200 ms)

AssetImportParameters requested are different than current active one (requested -> active):
  custom:video-decoder-ogg-theora: a1e56fd34408186e4bbccfd4996cb3dc -> 
  custom:container-muxer-webm: aa71ff27fc2769a1b78a27578f13a17b -> 
  custom:container-demuxer-webm: 4f35f7cbe854078d1ac9338744f61a02 -> 
  custom:video-encoder-webm-vp8: eb34c28f22e8b96e1ab97ce403110664 -> 
  custom:audio-encoder-webm-vorbis: bf7c407c2cedff20999df2af8eb42d56 -> 
  custom:framework-win-MediaFoundation: 216162199b28c13a410421893ffa2e32 -> 
  custom:container-demuxer-ogg: 62fdf1f143b41e24485cea50d1cbac27 -> 
  custom:video-decoder-webm-vp8: 9c59270c3fd7afecdb556c50c9e8de78 -> 
  custom:audio-decoder-ogg-vorbis: bf7c407c2cedff20999df2af8eb42d56 -> 
========================================================================
Received Prepare
Registering precompiled user dll's ...
Registered in 0.009321 seconds.
Begin MonoManager ReloadAssembly
Symbol file LoadedFromMemory doesn't match image C:\Development\GitHub\Bridge-LOD-Demo\Library\PackageCache\com.unity.visualscripting@1.7.6\Editor\VisualScripting.Core\Dependencies\YamlDotNet\Unity.VisualScripting.YamlDotNet.dll
Symbol file LoadedFromMemory doesn't match image C:\Development\GitHub\Bridge-LOD-Demo\Library\PackageCache\com.unity.visualscripting@1.7.6\Editor\VisualScripting.Core\Dependencies\DotNetZip\Unity.VisualScripting.IonicZip.dll
Native extension for WindowsStandalone target not found
Native extension for WebGL target not found
Refreshing native plugins compatible for Editor in 0.96 ms, found 8 plugins.
Preloading 0 native plugins for Editor in 0.00 ms.
Mono: successfully reloaded assembly
- Completed reload, in  1.000 seconds
Domain Reload Profiling:
	ReloadAssembly (1001ms)
		BeginReloadAssembly (148ms)
			ExecutionOrderSort (0ms)
			DisableScriptedObjects (5ms)
			BackupInstance (0ms)
			ReleaseScriptingObjects (0ms)
			CreateAndSetChildDomain (38ms)
		EndReloadAssembly (739ms)
			LoadAssemblies (97ms)
			RebuildTransferFunctionScriptingTraits (0ms)
			SetupTypeCache (216ms)
			ReleaseScriptCaches (2ms)
			RebuildScriptCaches (38ms)
			SetupLoadedEditorAssemblies (346ms)
				LogAssemblyErrors (0ms)
				InitializePlatformSupportModulesInManaged (15ms)
				SetLoadedEditorAssemblies (0ms)
				RefreshPlugins (1ms)
				BeforeProcessingInitializeOnLoad (65ms)
				ProcessInitializeOnLoadAttributes (236ms)
				ProcessInitializeOnLoadMethodAttributes (19ms)
				AfterProcessingInitializeOnLoad (10ms)
				EditorAssembliesLoaded (0ms)
			ExecutionOrderSort2 (0ms)
			AwakeInstancesAfterBackupRestoration (12ms)
Platform modules already initialized, skipping
Refreshing native plugins compatible for Editor in 0.95 ms, found 8 plugins.
Preloading 0 native plugins for Editor in 0.00 ms.
Unloading 3805 Unused Serialized files (Serialized files now loaded: 0)
Unloading 37 unused Assets / (24.6 KB). Loaded Objects now: 4348.
Memory consumption went from 138.1 MB to 138.1 MB.
Total: 3.493500 ms (FindLiveObjects: 0.283700 ms CreateObjectMapping: 0.145700 ms MarkObjects: 3.023700 ms  DeleteObjects: 0.039500 ms)

AssetImportParameters requested are different than current active one (requested -> active):
  custom:video-decoder-ogg-theora: a1e56fd34408186e4bbccfd4996cb3dc -> 
  custom:container-muxer-webm: aa71ff27fc2769a1b78a27578f13a17b -> 
  custom:container-demuxer-webm: 4f35f7cbe854078d1ac9338744f61a02 -> 
  custom:video-encoder-webm-vp8: eb34c28f22e8b96e1ab97ce403110664 -> 
  custom:audio-encoder-webm-vorbis: bf7c407c2cedff20999df2af8eb42d56 -> 
  custom:framework-win-MediaFoundation: 216162199b28c13a410421893ffa2e32 -> 
  custom:container-demuxer-ogg: 62fdf1f143b41e24485cea50d1cbac27 -> 
  custom:video-decoder-webm-vp8: 9c59270c3fd7afecdb556c50c9e8de78 -> 
  custom:audio-decoder-ogg-vorbis: bf7c407c2cedff20999df2af8eb42d56 -> 
========================================================================
Received Prepare
Registering precompiled user dll's ...
Registered in 0.009852 seconds.
Begin MonoManager ReloadAssembly
Symbol file LoadedFromMemory doesn't match image C:\Development\GitHub\Bridge-LOD-Demo\Library\PackageCache\com.unity.visualscripting@1.7.6\Editor\VisualScripting.Core\Dependencies\YamlDotNet\Unity.VisualScripting.YamlDotNet.dll
Symbol file LoadedFromMemory doesn't match image C:\Development\GitHub\Bridge-LOD-Demo\Library\PackageCache\com.unity.visualscripting@1.7.6\Editor\VisualScripting.Core\Dependencies\DotNetZip\Unity.VisualScripting.IonicZip.dll
Native extension for WindowsStandalone target not found
Native extension for WebGL target not found
Refreshing native plugins compatible for Editor in 0.80 ms, found 8 plugins.
Preloading 0 native plugins for Editor in 0.00 ms.
Mono: successfully reloaded assembly
- Completed reload, in  0.986 seconds
Domain Reload Profiling:
	ReloadAssembly (986ms)
		BeginReloadAssembly (145ms)
			ExecutionOrderSort (0ms)
			DisableScriptedObjects (6ms)
			BackupInstance (0ms)
			ReleaseScriptingObjects (0ms)
			CreateAndSetChildDomain (37ms)
		EndReloadAssembly (755ms)
			LoadAssemblies (93ms)
			RebuildTransferFunctionScriptingTraits (0ms)
			SetupTypeCache (216ms)
			ReleaseScriptCaches (2ms)
			RebuildScriptCaches (44ms)
			SetupLoadedEditorAssemblies (360ms)
				LogAssemblyErrors (0ms)
				InitializePlatformSupportModulesInManaged (16ms)
				SetLoadedEditorAssemblies (0ms)
				RefreshPlugins (1ms)
				BeforeProcessingInitializeOnLoad (72ms)
				ProcessInitializeOnLoadAttributes (233ms)
				ProcessInitializeOnLoadMethodAttributes (28ms)
				AfterProcessingInitializeOnLoad (10ms)
				EditorAssembliesLoaded (0ms)
			ExecutionOrderSort2 (0ms)
			AwakeInstancesAfterBackupRestoration (13ms)
Platform modules already initialized, skipping
Refreshing native plugins compatible for Editor in 1.14 ms, found 8 plugins.
Preloading 0 native plugins for Editor in 0.00 ms.
Unloading 3805 Unused Serialized files (Serialized files now loaded: 0)
Unloading 34 unused Assets / (25.6 KB). Loaded Objects now: 4355.
Memory consumption went from 138.1 MB to 138.0 MB.
Total: 3.702300 ms (FindLiveObjects: 0.358600 ms CreateObjectMapping: 0.260000 ms MarkObjects: 3.050500 ms  DeleteObjects: 0.031900 ms)

AssetImportParameters requested are different than current active one (requested -> active):
  custom:video-decoder-ogg-theora: a1e56fd34408186e4bbccfd4996cb3dc -> 
  custom:container-muxer-webm: aa71ff27fc2769a1b78a27578f13a17b -> 
  custom:container-demuxer-webm: 4f35f7cbe854078d1ac9338744f61a02 -> 
  custom:video-encoder-webm-vp8: eb34c28f22e8b96e1ab97ce403110664 -> 
  custom:audio-encoder-webm-vorbis: bf7c407c2cedff20999df2af8eb42d56 -> 
  custom:framework-win-MediaFoundation: 216162199b28c13a410421893ffa2e32 -> 
  custom:container-demuxer-ogg: 62fdf1f143b41e24485cea50d1cbac27 -> 
  custom:video-decoder-webm-vp8: 9c59270c3fd7afecdb556c50c9e8de78 -> 
  custom:audio-decoder-ogg-vorbis: bf7c407c2cedff20999df2af8eb42d56 -> 
========================================================================
Received Prepare
Registering precompiled user dll's ...
Registered in 0.008279 seconds.
Begin MonoManager ReloadAssembly
Symbol file LoadedFromMemory doesn't match image C:\Development\GitHub\Bridge-LOD-Demo\Library\PackageCache\com.unity.visualscripting@1.7.6\Editor\VisualScripting.Core\Dependencies\YamlDotNet\Unity.VisualScripting.YamlDotNet.dll
Symbol file LoadedFromMemory doesn't match image C:\Development\GitHub\Bridge-LOD-Demo\Library\PackageCache\com.unity.visualscripting@1.7.6\Editor\VisualScripting.Core\Dependencies\DotNetZip\Unity.VisualScripting.IonicZip.dll
Native extension for WindowsStandalone target not found
Native extension for WebGL target not found
Refreshing native plugins compatible for Editor in 1.28 ms, found 8 plugins.
Preloading 0 native plugins for Editor in 0.00 ms.
Mono: successfully reloaded assembly
- Completed reload, in  1.152 seconds
Domain Reload Profiling:
	ReloadAssembly (1153ms)
		BeginReloadAssembly (143ms)
			ExecutionOrderSort (0ms)
			DisableScriptedObjects (4ms)
			BackupInstance (0ms)
			ReleaseScriptingObjects (0ms)
			CreateAndSetChildDomain (36ms)
		EndReloadAssembly (898ms)
			LoadAssemblies (96ms)
			RebuildTransferFunctionScriptingTraits (0ms)
			SetupTypeCache (267ms)
			ReleaseScriptCaches (2ms)
			RebuildScriptCaches (49ms)
			SetupLoadedEditorAssemblies (431ms)
				LogAssemblyErrors (0ms)
				InitializePlatformSupportModulesInManaged (16ms)
				SetLoadedEditorAssemblies (1ms)
				RefreshPlugins (1ms)
				BeforeProcessingInitializeOnLoad (76ms)
				ProcessInitializeOnLoadAttributes (301ms)
				ProcessInitializeOnLoadMethodAttributes (27ms)
				AfterProcessingInitializeOnLoad (9ms)
				EditorAssembliesLoaded (0ms)
			ExecutionOrderSort2 (0ms)
			AwakeInstancesAfterBackupRestoration (14ms)
Platform modules already initialized, skipping
Refreshing native plugins compatible for Editor in 1.10 ms, found 8 plugins.
Preloading 0 native plugins for Editor in 0.00 ms.
Unloading 3860 Unused Serialized files (Serialized files now loaded: 0)
Unloading 34 unused Assets / (24.7 KB). Loaded Objects now: 4413.
Memory consumption went from 139.4 MB to 139.4 MB.
Total: 3.737000 ms (FindLiveObjects: 0.315800 ms CreateObjectMapping: 0.125400 ms MarkObjects: 3.256100 ms  DeleteObjects: 0.037600 ms)

AssetImportParameters requested are different than current active one (requested -> active):
  custom:video-decoder-ogg-theora: a1e56fd34408186e4bbccfd4996cb3dc -> 
  custom:container-muxer-webm: aa71ff27fc2769a1b78a27578f13a17b -> 
  custom:container-demuxer-webm: 4f35f7cbe854078d1ac9338744f61a02 -> 
  custom:video-encoder-webm-vp8: eb34c28f22e8b96e1ab97ce403110664 -> 
  custom:audio-encoder-webm-vorbis: bf7c407c2cedff20999df2af8eb42d56 -> 
  custom:framework-win-MediaFoundation: 216162199b28c13a410421893ffa2e32 -> 
  custom:container-demuxer-ogg: 62fdf1f143b41e24485cea50d1cbac27 -> 
  custom:video-decoder-webm-vp8: 9c59270c3fd7afecdb556c50c9e8de78 -> 
  custom:audio-decoder-ogg-vorbis: bf7c407c2cedff20999df2af8eb42d56 -> 
========================================================================
Received Prepare
Registering precompiled user dll's ...
Registered in 0.007924 seconds.
Begin MonoManager ReloadAssembly
Symbol file LoadedFromMemory doesn't match image C:\Development\GitHub\Bridge-LOD-Demo\Library\PackageCache\com.unity.visualscripting@1.7.6\Editor\VisualScripting.Core\Dependencies\YamlDotNet\Unity.VisualScripting.YamlDotNet.dll
Symbol file LoadedFromMemory doesn't match image C:\Development\GitHub\Bridge-LOD-Demo\Library\PackageCache\com.unity.visualscripting@1.7.6\Editor\VisualScripting.Core\Dependencies\DotNetZip\Unity.VisualScripting.IonicZip.dll
Native extension for WindowsStandalone target not found
Native extension for WebGL target not found
Refreshing native plugins compatible for Editor in 0.85 ms, found 8 plugins.
Preloading 0 native plugins for Editor in 0.00 ms.
Mono: successfully reloaded assembly
- Completed reload, in  0.836 seconds
Domain Reload Profiling:
	ReloadAssembly (836ms)
		BeginReloadAssembly (112ms)
			ExecutionOrderSort (0ms)
			DisableScriptedObjects (6ms)
			BackupInstance (0ms)
			ReleaseScriptingObjects (0ms)
			CreateAndSetChildDomain (29ms)
		EndReloadAssembly (640ms)
			LoadAssemblies (73ms)
			RebuildTransferFunctionScriptingTraits (0ms)
			SetupTypeCache (159ms)
			ReleaseScriptCaches (1ms)
			RebuildScriptCaches (30ms)
			SetupLoadedEditorAssemblies (325ms)
				LogAssemblyErrors (0ms)
				InitializePlatformSupportModulesInManaged (12ms)
				SetLoadedEditorAssemblies (0ms)
				RefreshPlugins (1ms)
				BeforeProcessingInitializeOnLoad (61ms)
				ProcessInitializeOnLoadAttributes (217ms)
				ProcessInitializeOnLoadMethodAttributes (25ms)
				AfterProcessingInitializeOnLoad (7ms)
				EditorAssembliesLoaded (0ms)
			ExecutionOrderSort2 (0ms)
			AwakeInstancesAfterBackupRestoration (12ms)
Platform modules already initialized, skipping
Refreshing native plugins compatible for Editor in 0.82 ms, found 8 plugins.
Preloading 0 native plugins for Editor in 0.00 ms.
Unloading 3860 Unused Serialized files (Serialized files now loaded: 0)
Unloading 34 unused Assets / (24.7 KB). Loaded Objects now: 4416.
Memory consumption went from 139.5 MB to 139.4 MB.
Total: 2.862800 ms (FindLiveObjects: 0.324500 ms CreateObjectMapping: 0.180200 ms MarkObjects: 2.329800 ms  DeleteObjects: 0.026100 ms)

AssetImportParameters requested are different than current active one (requested -> active):
  custom:video-decoder-ogg-theora: a1e56fd34408186e4bbccfd4996cb3dc -> 
  custom:container-muxer-webm: aa71ff27fc2769a1b78a27578f13a17b -> 
  custom:container-demuxer-webm: 4f35f7cbe854078d1ac9338744f61a02 -> 
  custom:video-encoder-webm-vp8: eb34c28f22e8b96e1ab97ce403110664 -> 
  custom:audio-encoder-webm-vorbis: bf7c407c2cedff20999df2af8eb42d56 -> 
  custom:framework-win-MediaFoundation: 216162199b28c13a410421893ffa2e32 -> 
  custom:container-demuxer-ogg: 62fdf1f143b41e24485cea50d1cbac27 -> 
  custom:video-decoder-webm-vp8: 9c59270c3fd7afecdb556c50c9e8de78 -> 
  custom:audio-decoder-ogg-vorbis: bf7c407c2cedff20999df2af8eb42d56 -> 
========================================================================
Received Prepare
Refreshing native plugins compatible for Editor in 15.60 ms, found 8 plugins.
Preloading 0 native plugins for Editor in 0.00 ms.
Unloading 31 Unused Serialized files (Serialized files now loaded: 0)
Unloading 31 unused Assets / (22.0 KB). Loaded Objects now: 4416.
Memory consumption went from 62.6 MB to 62.6 MB.
Total: 4.436200 ms (FindLiveObjects: 0.429000 ms CreateObjectMapping: 0.197900 ms MarkObjects: 3.780800 ms  DeleteObjects: 0.027600 ms)

AssetImportParameters requested are different than current active one (requested -> active):
  custom:video-decoder-ogg-theora: a1e56fd34408186e4bbccfd4996cb3dc -> 
  custom:container-muxer-webm: aa71ff27fc2769a1b78a27578f13a17b -> 
  custom:container-demuxer-webm: 4f35f7cbe854078d1ac9338744f61a02 -> 
  custom:video-encoder-webm-vp8: eb34c28f22e8b96e1ab97ce403110664 -> 
  custom:audio-encoder-webm-vorbis: bf7c407c2cedff20999df2af8eb42d56 -> 
  custom:framework-win-MediaFoundation: 216162199b28c13a410421893ffa2e32 -> 
  custom:container-demuxer-ogg: 62fdf1f143b41e24485cea50d1cbac27 -> 
  custom:video-decoder-webm-vp8: 9c59270c3fd7afecdb556c50c9e8de78 -> 
  custom:audio-decoder-ogg-vorbis: bf7c407c2cedff20999df2af8eb42d56 -> 
========================================================================
Received Prepare
Refreshing native plugins compatible for Editor in 7.03 ms, found 8 plugins.
Preloading 0 native plugins for Editor in 0.00 ms.
Unloading 31 Unused Serialized files (Serialized files now loaded: 0)
Unloading 31 unused Assets / (22.0 KB). Loaded Objects now: 4416.
Memory consumption went from 62.6 MB to 62.6 MB.
Total: 2.766700 ms (FindLiveObjects: 0.280700 ms CreateObjectMapping: 0.106700 ms MarkObjects: 2.355100 ms  DeleteObjects: 0.021900 ms)

AssetImportParameters requested are different than current active one (requested -> active):
  custom:video-decoder-ogg-theora: a1e56fd34408186e4bbccfd4996cb3dc -> 
  custom:container-muxer-webm: aa71ff27fc2769a1b78a27578f13a17b -> 
  custom:container-demuxer-webm: 4f35f7cbe854078d1ac9338744f61a02 -> 
  custom:video-encoder-webm-vp8: eb34c28f22e8b96e1ab97ce403110664 -> 
  custom:audio-encoder-webm-vorbis: bf7c407c2cedff20999df2af8eb42d56 -> 
  custom:framework-win-MediaFoundation: 216162199b28c13a410421893ffa2e32 -> 
  custom:container-demuxer-ogg: 62fdf1f143b41e24485cea50d1cbac27 -> 
  custom:video-decoder-webm-vp8: 9c59270c3fd7afecdb556c50c9e8de78 -> 
  custom:audio-decoder-ogg-vorbis: bf7c407c2cedff20999df2af8eb42d56 -> 
========================================================================
Received Prepare
Registering precompiled user dll's ...
Registered in 0.005730 seconds.
Begin MonoManager ReloadAssembly
Symbol file LoadedFromMemory doesn't match image C:\Development\GitHub\Bridge-LOD-Demo\Library\PackageCache\com.unity.visualscripting@1.7.6\Editor\VisualScripting.Core\Dependencies\YamlDotNet\Unity.VisualScripting.YamlDotNet.dll
Symbol file LoadedFromMemory doesn't match image C:\Development\GitHub\Bridge-LOD-Demo\Library\PackageCache\com.unity.visualscripting@1.7.6\Editor\VisualScripting.Core\Dependencies\DotNetZip\Unity.VisualScripting.IonicZip.dll
Native extension for WindowsStandalone target not found
Native extension for WebGL target not found
Refreshing native plugins compatible for Editor in 0.77 ms, found 8 plugins.
Preloading 0 native plugins for Editor in 0.00 ms.
Mono: successfully reloaded assembly
- Completed reload, in  0.936 seconds
Domain Reload Profiling:
	ReloadAssembly (937ms)
		BeginReloadAssembly (126ms)
			ExecutionOrderSort (0ms)
			DisableScriptedObjects (5ms)
			BackupInstance (0ms)
			ReleaseScriptingObjects (0ms)
			CreateAndSetChildDomain (30ms)
		EndReloadAssembly (723ms)
			LoadAssemblies (90ms)
			RebuildTransferFunctionScriptingTraits (0ms)
			SetupTypeCache (204ms)
			ReleaseScriptCaches (2ms)
			RebuildScriptCaches (34ms)
			SetupLoadedEditorAssemblies (296ms)
				LogAssemblyErrors (0ms)
				InitializePlatformSupportModulesInManaged (13ms)
				SetLoadedEditorAssemblies (0ms)
				RefreshPlugins (1ms)
				BeforeProcessingInitializeOnLoad (60ms)
				ProcessInitializeOnLoadAttributes (195ms)
				ProcessInitializeOnLoadMethodAttributes (20ms)
				AfterProcessingInitializeOnLoad (6ms)
				EditorAssembliesLoaded (0ms)
			ExecutionOrderSort2 (0ms)
			AwakeInstancesAfterBackupRestoration (11ms)
Platform modules already initialized, skipping
Switching build target platform(19) subTarget(0) extendedPlatform(0) -> platform(13) subTarget(0) extendedPlatform(0)
Refreshing native plugins compatible for Editor in 0.70 ms, found 8 plugins.
Preloading 0 native plugins for Editor in 0.00 ms.
Unloading 3864 Unused Serialized files (Serialized files now loaded: 0)
Unloading 34 unused Assets / (24.7 KB). Loaded Objects now: 4419.
Memory consumption went from 139.3 MB to 139.3 MB.
Total: 2.510600 ms (FindLiveObjects: 0.259700 ms CreateObjectMapping: 0.104100 ms MarkObjects: 2.122200 ms  DeleteObjects: 0.023500 ms)

AssetImportParameters requested are different than current active one (requested -> active):
  custom:video-decoder-ogg-theora: a1e56fd34408186e4bbccfd4996cb3dc -> 
  custom:container-muxer-webm: aa71ff27fc2769a1b78a27578f13a17b -> 
  custom:container-demuxer-webm: 4f35f7cbe854078d1ac9338744f61a02 -> 
  custom:video-encoder-webm-vp8: eb34c28f22e8b96e1ab97ce403110664 -> 
  custom:audio-encoder-webm-vorbis: bf7c407c2cedff20999df2af8eb42d56 -> 
  custom:framework-win-MediaFoundation: 216162199b28c13a410421893ffa2e32 -> 
  custom:container-demuxer-ogg: 62fdf1f143b41e24485cea50d1cbac27 -> 
  custom:video-decoder-webm-vp8: 9c59270c3fd7afecdb556c50c9e8de78 -> 
  custom:audio-decoder-ogg-vorbis: bf7c407c2cedff20999df2af8eb42d56 -> 
========================================================================
Received Prepare
Refreshing native plugins compatible for Editor in 6.90 ms, found 8 plugins.
Preloading 0 native plugins for Editor in 0.00 ms.
Unloading 31 Unused Serialized files (Serialized files now loaded: 0)
Unloading 31 unused Assets / (22.0 KB). Loaded Objects now: 4419.
Memory consumption went from 62.7 MB to 62.6 MB.
Total: 3.266800 ms (FindLiveObjects: 0.284500 ms CreateObjectMapping: 0.120700 ms MarkObjects: 2.843500 ms  DeleteObjects: 0.017000 ms)

AssetImportParameters requested are different than current active one (requested -> active):
  custom:video-decoder-ogg-theora: a1e56fd34408186e4bbccfd4996cb3dc -> 
  custom:container-muxer-webm: aa71ff27fc2769a1b78a27578f13a17b -> 
  custom:container-demuxer-webm: 4f35f7cbe854078d1ac9338744f61a02 -> 
  custom:video-encoder-webm-vp8: eb34c28f22e8b96e1ab97ce403110664 -> 
  custom:audio-encoder-webm-vorbis: bf7c407c2cedff20999df2af8eb42d56 -> 
  custom:framework-win-MediaFoundation: 216162199b28c13a410421893ffa2e32 -> 
  custom:container-demuxer-ogg: 62fdf1f143b41e24485cea50d1cbac27 -> 
  custom:video-decoder-webm-vp8: 9c59270c3fd7afecdb556c50c9e8de78 -> 
  custom:audio-decoder-ogg-vorbis: bf7c407c2cedff20999df2af8eb42d56 -> 
========================================================================
Received Prepare
Refreshing native plugins compatible for Editor in 8.87 ms, found 8 plugins.
Preloading 0 native plugins for Editor in 0.00 ms.
Unloading 31 Unused Serialized files (Serialized files now loaded: 0)
Unloading 31 unused Assets / (22.0 KB). Loaded Objects now: 4419.
Memory consumption went from 62.7 MB to 62.7 MB.
Total: 3.796800 ms (FindLiveObjects: 0.330500 ms CreateObjectMapping: 0.116300 ms MarkObjects: 3.327100 ms  DeleteObjects: 0.021600 ms)

AssetImportParameters requested are different than current active one (requested -> active):
  custom:video-decoder-ogg-theora: a1e56fd34408186e4bbccfd4996cb3dc -> 
  custom:container-muxer-webm: aa71ff27fc2769a1b78a27578f13a17b -> 
  custom:container-demuxer-webm: 4f35f7cbe854078d1ac9338744f61a02 -> 
  custom:video-encoder-webm-vp8: eb34c28f22e8b96e1ab97ce403110664 -> 
  custom:audio-encoder-webm-vorbis: bf7c407c2cedff20999df2af8eb42d56 -> 
  custom:framework-win-MediaFoundation: 216162199b28c13a410421893ffa2e32 -> 
  custom:container-demuxer-ogg: 62fdf1f143b41e24485cea50d1cbac27 -> 
  custom:video-decoder-webm-vp8: 9c59270c3fd7afecdb556c50c9e8de78 -> 
  custom:audio-decoder-ogg-vorbis: bf7c407c2cedff20999df2af8eb42d56 -> 
========================================================================
Received Prepare
Refreshing native plugins compatible for Editor in 11.11 ms, found 8 plugins.
Preloading 0 native plugins for Editor in 0.00 ms.
Unloading 31 Unused Serialized files (Serialized files now loaded: 0)
Unloading 31 unused Assets / (22.0 KB). Loaded Objects now: 4419.
Memory consumption went from 62.7 MB to 62.7 MB.
Total: 3.063500 ms (FindLiveObjects: 0.290400 ms CreateObjectMapping: 0.113900 ms MarkObjects: 2.638400 ms  DeleteObjects: 0.019700 ms)

AssetImportParameters requested are different than current active one (requested -> active):
  custom:video-decoder-ogg-theora: a1e56fd34408186e4bbccfd4996cb3dc -> 
  custom:container-muxer-webm: aa71ff27fc2769a1b78a27578f13a17b -> 
  custom:container-demuxer-webm: 4f35f7cbe854078d1ac9338744f61a02 -> 
  custom:video-encoder-webm-vp8: eb34c28f22e8b96e1ab97ce403110664 -> 
  custom:audio-encoder-webm-vorbis: bf7c407c2cedff20999df2af8eb42d56 -> 
  custom:framework-win-MediaFoundation: 216162199b28c13a410421893ffa2e32 -> 
  custom:container-demuxer-ogg: 62fdf1f143b41e24485cea50d1cbac27 -> 
  custom:video-decoder-webm-vp8: 9c59270c3fd7afecdb556c50c9e8de78 -> 
  custom:audio-decoder-ogg-vorbis: bf7c407c2cedff20999df2af8eb42d56 -> 
========================================================================
Received Prepare
Refreshing native plugins compatible for Editor in 7.54 ms, found 8 plugins.
Preloading 0 native plugins for Editor in 0.00 ms.
Unloading 31 Unused Serialized files (Serialized files now loaded: 0)
Unloading 31 unused Assets / (22.0 KB). Loaded Objects now: 4419.
Memory consumption went from 62.7 MB to 62.7 MB.
Total: 2.796100 ms (FindLiveObjects: 0.301100 ms CreateObjectMapping: 0.110400 ms MarkObjects: 2.353200 ms  DeleteObjects: 0.030400 ms)

AssetImportParameters requested are different than current active one (requested -> active):
  custom:video-decoder-ogg-theora: a1e56fd34408186e4bbccfd4996cb3dc -> 
  custom:container-muxer-webm: aa71ff27fc2769a1b78a27578f13a17b -> 
  custom:container-demuxer-webm: 4f35f7cbe854078d1ac9338744f61a02 -> 
  custom:video-encoder-webm-vp8: eb34c28f22e8b96e1ab97ce403110664 -> 
  custom:audio-encoder-webm-vorbis: bf7c407c2cedff20999df2af8eb42d56 -> 
  custom:framework-win-MediaFoundation: 216162199b28c13a410421893ffa2e32 -> 
  custom:container-demuxer-ogg: 62fdf1f143b41e24485cea50d1cbac27 -> 
  custom:video-decoder-webm-vp8: 9c59270c3fd7afecdb556c50c9e8de78 -> 
  custom:audio-decoder-ogg-vorbis: bf7c407c2cedff20999df2af8eb42d56 -> 
========================================================================
Received Prepare
Refreshing native plugins compatible for Editor in 12.07 ms, found 8 plugins.
Preloading 0 native plugins for Editor in 0.00 ms.
Unloading 31 Unused Serialized files (Serialized files now loaded: 0)
Unloading 31 unused Assets / (22.0 KB). Loaded Objects now: 4419.
Memory consumption went from 62.7 MB to 62.7 MB.
Total: 23.630700 ms (FindLiveObjects: 0.563700 ms CreateObjectMapping: 0.131400 ms MarkObjects: 22.862400 ms  DeleteObjects: 0.071600 ms)

AssetImportParameters requested are different than current active one (requested -> active):
  custom:video-decoder-ogg-theora: a1e56fd34408186e4bbccfd4996cb3dc -> 
  custom:container-muxer-webm: aa71ff27fc2769a1b78a27578f13a17b -> 
  custom:container-demuxer-webm: 4f35f7cbe854078d1ac9338744f61a02 -> 
  custom:video-encoder-webm-vp8: eb34c28f22e8b96e1ab97ce403110664 -> 
  custom:audio-encoder-webm-vorbis: bf7c407c2cedff20999df2af8eb42d56 -> 
  custom:framework-win-MediaFoundation: 216162199b28c13a410421893ffa2e32 -> 
  custom:container-demuxer-ogg: 62fdf1f143b41e24485cea50d1cbac27 -> 
  custom:video-decoder-webm-vp8: 9c59270c3fd7afecdb556c50c9e8de78 -> 
  custom:audio-decoder-ogg-vorbis: bf7c407c2cedff20999df2af8eb42d56 -> 
========================================================================
Received Prepare
Refreshing native plugins compatible for Editor in 9.68 ms, found 8 plugins.
Preloading 0 native plugins for Editor in 0.00 ms.
Unloading 31 Unused Serialized files (Serialized files now loaded: 0)
Unloading 31 unused Assets / (22.0 KB). Loaded Objects now: 4419.
Memory consumption went from 62.7 MB to 62.7 MB.
Total: 2.722500 ms (FindLiveObjects: 0.328200 ms CreateObjectMapping: 0.154100 ms MarkObjects: 2.191900 ms  DeleteObjects: 0.047400 ms)

AssetImportParameters requested are different than current active one (requested -> active):
  custom:video-decoder-ogg-theora: a1e56fd34408186e4bbccfd4996cb3dc -> 
  custom:container-muxer-webm: aa71ff27fc2769a1b78a27578f13a17b -> 
  custom:container-demuxer-webm: 4f35f7cbe854078d1ac9338744f61a02 -> 
  custom:video-encoder-webm-vp8: eb34c28f22e8b96e1ab97ce403110664 -> 
  custom:audio-encoder-webm-vorbis: bf7c407c2cedff20999df2af8eb42d56 -> 
  custom:framework-win-MediaFoundation: 216162199b28c13a410421893ffa2e32 -> 
  custom:container-demuxer-ogg: 62fdf1f143b41e24485cea50d1cbac27 -> 
  custom:video-decoder-webm-vp8: 9c59270c3fd7afecdb556c50c9e8de78 -> 
  custom:audio-decoder-ogg-vorbis: bf7c407c2cedff20999df2af8eb42d56 -> 
========================================================================
Received Import Request.
  Time since last request: 15387.763310 seconds.
  path: Assets/ExampleAssets/Tutorial/Images/1-welcome-screen-image.png
  artifactKey: Guid(11e34d76fce7843be984510eca5c9139) Importer(815301076,1909f56bfc062723c751e8b465ee728b)
Start importing Assets/ExampleAssets/Tutorial/Images/1-welcome-screen-image.png using Guid(11e34d76fce7843be984510eca5c9139) Importer(815301076,1909f56bfc062723c751e8b465ee728b)  -> (artifact id: 'cbeddc0bf4429be9585851ea723d0dd5') in 38.299673 seconds 
========================================================================
Received Import Request.
  Time since last request: 0.247136 seconds.
  path: Assets/OpenXR UX Base/Images/Transparent.png
  artifactKey: Guid(b49a34cd963544948bfd2dcb4048f754) Importer(815301076,1909f56bfc062723c751e8b465ee728b)
Start importing Assets/OpenXR UX Base/Images/Transparent.png using Guid(b49a34cd963544948bfd2dcb4048f754) Importer(815301076,1909f56bfc062723c751e8b465ee728b)  -> (artifact id: 'cd33a367b52f7a6ccad0cfa7d36d3888') in 0.995065 seconds 
========================================================================
Received Import Request.
  Time since last request: 1.033026 seconds.
  path: Assets/ProcessedData/Tile_+005_+000_0.jpg
  artifactKey: Guid(f506b53c042aed5478a0810d42b456c5) Importer(815301076,1909f56bfc062723c751e8b465ee728b)
Start importing Assets/ProcessedData/Tile_+005_+000_0.jpg using Guid(f506b53c042aed5478a0810d42b456c5) Importer(815301076,1909f56bfc062723c751e8b465ee728b)  -> (artifact id: 'df1a4f385e61155fda9a7149cc7f72d0') in 1.070347 seconds 
========================================================================
Received Import Request.
  Time since last request: 1.052197 seconds.
  path: Assets/ProcessedData/Tile_+004_+007_0.jpg
  artifactKey: Guid(4f0a87db7f59a064f8fad942d72b8b30) Importer(815301076,1909f56bfc062723c751e8b465ee728b)
Start importing Assets/ProcessedData/Tile_+004_+007_0.jpg using Guid(4f0a87db7f59a064f8fad942d72b8b30) Importer(815301076,1909f56bfc062723c751e8b465ee728b)  -> (artifact id: 'f86f9701b5dc544ca6f0a2c05105864a') in 0.498583 seconds 
========================================================================
Received Import Request.
  Time since last request: 0.630343 seconds.
  path: Assets/OpenXR UX Base/Images/Icons/Icon.png
  artifactKey: Guid(c1555482de561024fbe80ff0c7a3bab6) Importer(815301076,1909f56bfc062723c751e8b465ee728b)
Start importing Assets/OpenXR UX Base/Images/Icons/Icon.png using Guid(c1555482de561024fbe80ff0c7a3bab6) Importer(815301076,1909f56bfc062723c751e8b465ee728b)  -> (artifact id: '2942367aea4c70ddea9cda26e5b713ed') in 2.382878 seconds 
========================================================================
Received Import Request.
  Time since last request: 0.000038 seconds.
  path: Assets/ProcessedData/Tile_+010_+013_0.jpg
  artifactKey: Guid(36838504d25bce0438138ad15295ef26) Importer(815301076,1909f56bfc062723c751e8b465ee728b)
Start importing Assets/ProcessedData/Tile_+010_+013_0.jpg using Guid(36838504d25bce0438138ad15295ef26) Importer(815301076,1909f56bfc062723c751e8b465ee728b)  -> (artifact id: 'e2c0b42c2fc951bf0dfbb32e80a45c4d') in 1.197630 seconds 
========================================================================
Received Import Request.
  Time since last request: 0.000047 seconds.
  path: Assets/TextMesh Pro/Examples & Extras/Fonts/Roboto-Bold.ttf
  artifactKey: Guid(4beb055f07aaff244873dec698d0363e) Importer(815301076,1909f56bfc062723c751e8b465ee728b)
Start importing Assets/TextMesh Pro/Examples & Extras/Fonts/Roboto-Bold.ttf using Guid(4beb055f07aaff244873dec698d0363e) Importer(815301076,1909f56bfc062723c751e8b465ee728b)  -> (artifact id: '632c5efaaad09004d21ed52f7191da45') in 1.797918 seconds 
========================================================================
Received Import Request.
  Time since last request: 0.224714 seconds.
  path: Assets/TextMesh Pro/Examples & Extras/Textures/Wipe Pattern - Radial Quad.psd
  artifactKey: Guid(2b5e9ae96c5644d8bae932f8b4ca68a2) Importer(815301076,1909f56bfc062723c751e8b465ee728b)
Start importing Assets/TextMesh Pro/Examples & Extras/Textures/Wipe Pattern - Radial Quad.psd using Guid(2b5e9ae96c5644d8bae932f8b4ca68a2) Importer(815301076,1909f56bfc062723c751e8b465ee728b)  -> (artifact id: '293c3081ac2694f5b7bbe0a94c8f7b71') in 0.862432 seconds 
========================================================================
Received Import Request.
  Time since last request: 0.000028 seconds.
  path: Assets/ProcessedData/Tile_+007_+006_0.jpg
  artifactKey: Guid(32f0393e86ebb8b4285b3cfcfd5ef9d6) Importer(815301076,1909f56bfc062723c751e8b465ee728b)
Start importing Assets/ProcessedData/Tile_+007_+006_0.jpg using Guid(32f0393e86ebb8b4285b3cfcfd5ef9d6) Importer(815301076,1909f56bfc062723c751e8b465ee728b)  -> (artifact id: '6b85d44700d1e584423d32a8ba3b0df0') in 0.019575 seconds 
========================================================================
Received Import Request.
  Time since last request: 0.000030 seconds.
  path: Assets/ProcessedData/Tile_+002_+001_0.jpg
  artifactKey: Guid(df56dc0a7d9619a4f8fa4275929c0c30) Importer(815301076,1909f56bfc062723c751e8b465ee728b)
Start importing Assets/ProcessedData/Tile_+002_+001_0.jpg using Guid(df56dc0a7d9619a4f8fa4275929c0c30) Importer(815301076,1909f56bfc062723c751e8b465ee728b)  -> (artifact id: 'b13d9e0eac8563283f100e4b6d32f64e') in 0.020984 seconds 
========================================================================
Received Import Request.
  Time since last request: 0.000030 seconds.
  path: Assets/ProcessedData/Tile_+006_+006_0.jpg
  artifactKey: Guid(dbefbf80a01cf9945bbb2f9bec501f6f) Importer(815301076,1909f56bfc062723c751e8b465ee728b)
Start importing Assets/ProcessedData/Tile_+006_+006_0.jpg using Guid(dbefbf80a01cf9945bbb2f9bec501f6f) Importer(815301076,1909f56bfc062723c751e8b465ee728b)  -> (artifact id: '1055411ccccb809878d46cb2af8aef28') in 0.022487 seconds 
========================================================================
Received Import Request.
  Time since last request: 0.000033 seconds.
  path: Assets/OpenXR UX Base/Fonts/PressStart2P-Regular SDF.asset
  artifactKey: Guid(a3dd69029a7401841908ad51377db2e3) Importer(815301076,1909f56bfc062723c751e8b465ee728b)
Start importing Assets/OpenXR UX Base/Fonts/PressStart2P-Regular SDF.asset using Guid(a3dd69029a7401841908ad51377db2e3) Importer(815301076,1909f56bfc062723c751e8b465ee728b)  -> (artifact id: 'e5f671cdb19e9ea1f5c2426f3c95ddd1') in 0.108098 seconds 
========================================================================
Received Import Request.
  Time since last request: 0.000030 seconds.
  path: Assets/ProcessedData/Tile_+006_+003_0.jpg
  artifactKey: Guid(a6156b5d7fa25384b9ec31b77a768620) Importer(815301076,1909f56bfc062723c751e8b465ee728b)
Start importing Assets/ProcessedData/Tile_+006_+003_0.jpg using Guid(a6156b5d7fa25384b9ec31b77a768620) Importer(815301076,1909f56bfc062723c751e8b465ee728b)  -> (artifact id: 'c4acdb18903fe66f79915aae7dd29a52') in 0.013050 seconds 
========================================================================
Received Import Request.
  Time since last request: 0.000023 seconds.
  path: Assets/ProcessedData/Tile_+003_+002_0.jpg
  artifactKey: Guid(e4d353eed4a6e754584e059a95e576f8) Importer(815301076,1909f56bfc062723c751e8b465ee728b)
Start importing Assets/ProcessedData/Tile_+003_+002_0.jpg using Guid(e4d353eed4a6e754584e059a95e576f8) Importer(815301076,1909f56bfc062723c751e8b465ee728b)  -> (artifact id: 'e1269ea510ee413999f05e1a4f7803c8') in 0.048726 seconds 
========================================================================
Received Import Request.
  Time since last request: 0.000024 seconds.
  path: Assets/ProcessedData/Tile_+005_+010_0.jpg
  artifactKey: Guid(83ca2a5ea1eb3824bbe1e2e8e3cd9b63) Importer(815301076,1909f56bfc062723c751e8b465ee728b)
Start importing Assets/ProcessedData/Tile_+005_+010_0.jpg using Guid(83ca2a5ea1eb3824bbe1e2e8e3cd9b63) Importer(815301076,1909f56bfc062723c751e8b465ee728b)  -> (artifact id: '817f1770adc079b5d680c1c6d121aae0') in 0.027601 seconds 
========================================================================
Received Import Request.
  Time since last request: 0.000028 seconds.
  path: Assets/TextMesh Pro/Examples & Extras/Textures/Floor Tiles 1 - diffuse.jpg
  artifactKey: Guid(85ac55597b97403c82fc6601a93cf241) Importer(815301076,1909f56bfc062723c751e8b465ee728b)
Start importing Assets/TextMesh Pro/Examples & Extras/Textures/Floor Tiles 1 - diffuse.jpg using Guid(85ac55597b97403c82fc6601a93cf241) Importer(815301076,1909f56bfc062723c751e8b465ee728b)  -> (artifact id: 'fa6a1f7ff319fa06fd78e9b34164e9bf') in 0.016193 seconds 
========================================================================
Received Import Request.
  Time since last request: 0.000024 seconds.
  path: Assets/TerrainTexturesPackFree/TerrainTextures/GroundStones01_N.png
  artifactKey: Guid(63312008529ed1d4bab4d57c204bae7a) Importer(815301076,1909f56bfc062723c751e8b465ee728b)
Start importing Assets/TerrainTexturesPackFree/TerrainTextures/GroundStones01_N.png using Guid(63312008529ed1d4bab4d57c204bae7a) Importer(815301076,1909f56bfc062723c751e8b465ee728b)  -> (artifact id: '071eb384adc1ca5925b6abd10953c235') in 0.175612 seconds 
========================================================================
Received Import Request.
  Time since last request: 0.000023 seconds.
  path: Assets/TextMesh Pro/Examples & Extras/Textures/Wipe Pattern - Circle.psd
  artifactKey: Guid(10c49fcd9c64421db7c0133e61e55f97) Importer(815301076,1909f56bfc062723c751e8b465ee728b)
Start importing Assets/TextMesh Pro/Examples & Extras/Textures/Wipe Pattern - Circle.psd using Guid(10c49fcd9c64421db7c0133e61e55f97) Importer(815301076,1909f56bfc062723c751e8b465ee728b)  -> (artifact id: '2fa5ba12555069ae5915a0697d46979a') in 0.009507 seconds 
========================================================================
Received Import Request.
  Time since last request: 0.000025 seconds.
  path: Assets/ExampleAssets/Tutorial/Images/project-header-vr.png
  artifactKey: Guid(6eaf09dd6cc8a49708bf60691e32bebf) Importer(815301076,1909f56bfc062723c751e8b465ee728b)
Start importing Assets/ExampleAssets/Tutorial/Images/project-header-vr.png using Guid(6eaf09dd6cc8a49708bf60691e32bebf) Importer(815301076,1909f56bfc062723c751e8b465ee728b)  -> (artifact id: 'a290476087ec8230d6ec190ed51ddb1b') in 0.018302 seconds 
========================================================================
Received Import Request.
  Time since last request: 0.000032 seconds.
  path: Assets/TextMesh Pro/Examples & Extras/Resources/Fonts & Materials/Electronic Highway Sign SDF.asset
  artifactKey: Guid(dc36b3fdc14f47ebb36fd484a67e268a) Importer(815301076,1909f56bfc062723c751e8b465ee728b)
Start importing Assets/TextMesh Pro/Examples & Extras/Resources/Fonts & Materials/Electronic Highway Sign SDF.asset using Guid(dc36b3fdc14f47ebb36fd484a67e268a) Importer(815301076,1909f56bfc062723c751e8b465ee728b)  -> (artifact id: 'bbfea72d272819bb156328a875c8498b') in 0.067360 seconds 
========================================================================
Received Import Request.
  Time since last request: 0.000029 seconds.
  path: Assets/ProcessedData/Tile_+011_+017_0.jpg
  artifactKey: Guid(3e060cc46f6321640bb9e8edbe9a163e) Importer(815301076,1909f56bfc062723c751e8b465ee728b)
Start importing Assets/ProcessedData/Tile_+011_+017_0.jpg using Guid(3e060cc46f6321640bb9e8edbe9a163e) Importer(815301076,1909f56bfc062723c751e8b465ee728b)  -> (artifact id: 'feaa45709eaa8f5973971a876457f062') in 0.028927 seconds 
========================================================================
Received Import Request.
  Time since last request: 0.000024 seconds.
  path: Assets/TextMesh Pro/Examples & Extras/Textures/Gradient Vertical (Color).jpg
  artifactKey: Guid(03d0538de6e24c0f819bfc9ce084dfa9) Importer(815301076,1909f56bfc062723c751e8b465ee728b)
Start importing Assets/TextMesh Pro/Examples & Extras/Textures/Gradient Vertical (Color).jpg using Guid(03d0538de6e24c0f819bfc9ce084dfa9) Importer(815301076,1909f56bfc062723c751e8b465ee728b)  -> (artifact id: '2154e5af789f67a85ecd51cdb16290c5') in 0.012067 seconds 
========================================================================
Received Import Request.
  Time since last request: 0.000018 seconds.
  path: Assets/ProcessedData/Tile_+008_+009_0.jpg
  artifactKey: Guid(0302c9d98ff9a0643a45cab6cd107e81) Importer(815301076,1909f56bfc062723c751e8b465ee728b)
Start importing Assets/ProcessedData/Tile_+008_+009_0.jpg using Guid(0302c9d98ff9a0643a45cab6cd107e81) Importer(815301076,1909f56bfc062723c751e8b465ee728b)  -> (artifact id: 'fec0903947be892862c6ba95b76227ef') in 0.022478 seconds 
========================================================================
Received Import Request.
  Time since last request: 0.000021 seconds.
  path: Assets/TextMesh Pro/Examples & Extras/Textures/Gradient Diagonal (Color).jpg
  artifactKey: Guid(2ce5c55e85304b819a1826ecbc839aa5) Importer(815301076,1909f56bfc062723c751e8b465ee728b)
Start importing Assets/TextMesh Pro/Examples & Extras/Textures/Gradient Diagonal (Color).jpg using Guid(2ce5c55e85304b819a1826ecbc839aa5) Importer(815301076,1909f56bfc062723c751e8b465ee728b)  -> (artifact id: 'd6240cccd62b96966c29ddfcc58b52fc') in 0.093536 seconds 
========================================================================
Received Import Request.
  Time since last request: 0.000028 seconds.
  path: Assets/TerrainTexturesPackFree/TerrainTextures/GrassUV02_N.png
  artifactKey: Guid(db6b5112f8b3bcf478707e82ef048e88) Importer(815301076,1909f56bfc062723c751e8b465ee728b)
Start importing Assets/TerrainTexturesPackFree/TerrainTextures/GrassUV02_N.png using Guid(db6b5112f8b3bcf478707e82ef048e88) Importer(815301076,1909f56bfc062723c751e8b465ee728b)  -> (artifact id: 'f00734d83c0cbc0aea1edfda83897748') in 0.318199 seconds 
========================================================================
Received Import Request.
  Time since last request: 0.000039 seconds.
  path: Assets/OpenXR UX Base/Images/Sand.jpg
  artifactKey: Guid(940f0f0ec7b6af24eaacba22c3c62c27) Importer(815301076,1909f56bfc062723c751e8b465ee728b)
Start importing Assets/OpenXR UX Base/Images/Sand.jpg using Guid(940f0f0ec7b6af24eaacba22c3c62c27) Importer(815301076,1909f56bfc062723c751e8b465ee728b)  -> (artifact id: 'cf6038d21151bd25b34cee2ca85c7048') in 0.026807 seconds 
========================================================================
Received Import Request.
  Time since last request: 0.000030 seconds.
  path: Assets/OpenXR UX Base/Images/smoke_PNG55220.png
  artifactKey: Guid(0237b22941485ac448dd63dd295bed4c) Importer(815301076,1909f56bfc062723c751e8b465ee728b)
Start importing Assets/OpenXR UX Base/Images/smoke_PNG55220.png using Guid(0237b22941485ac448dd63dd295bed4c) Importer(815301076,1909f56bfc062723c751e8b465ee728b)  -> (artifact id: 'e2f7f45d0ea7cd26f66e40438c5ea350') in 0.025525 seconds 
========================================================================
Received Import Request.
  Time since last request: 0.000026 seconds.
  path: Assets/TextMesh Pro/Examples & Extras/Fonts/Electronic Highway Sign.TTF
  artifactKey: Guid(8a2b9e2a607dd2143b58c44bc32410b4) Importer(815301076,1909f56bfc062723c751e8b465ee728b)
Start importing Assets/TextMesh Pro/Examples & Extras/Fonts/Electronic Highway Sign.TTF using Guid(8a2b9e2a607dd2143b58c44bc32410b4) Importer(815301076,1909f56bfc062723c751e8b465ee728b)  -> (artifact id: '9630f1940b3ce7f2910abfffc250cb9e') in 0.018915 seconds 
========================================================================
Received Import Request.
  Time since last request: 0.000025 seconds.
  path: Assets/ProcessedData/Tile_+004_+001_0.jpg
  artifactKey: Guid(96818dac921d654489dd210bded69d1f) Importer(815301076,1909f56bfc062723c751e8b465ee728b)
Start importing Assets/ProcessedData/Tile_+004_+001_0.jpg using Guid(96818dac921d654489dd210bded69d1f) Importer(815301076,1909f56bfc062723c751e8b465ee728b)  -> (artifact id: '200a7bd1247bc31d7eb259c80da19b8f') in 0.023751 seconds 
========================================================================
Received Import Request.
  Time since last request: 0.000026 seconds.
  path: Assets/ProcessedData/Tile_+005_+006_0.jpg
  artifactKey: Guid(37cb1f0a245f30348ab10e4313abe401) Importer(815301076,1909f56bfc062723c751e8b465ee728b)
Start importing Assets/ProcessedData/Tile_+005_+006_0.jpg using Guid(37cb1f0a245f30348ab10e4313abe401) Importer(815301076,1909f56bfc062723c751e8b465ee728b)  -> (artifact id: 'f2106b184cd077b1f91b257275d41454') in 0.045892 seconds 
========================================================================
Received Import Request.
  Time since last request: 0.000022 seconds.
  path: Assets/ProcessedData/Tile_+005_+008_0.jpg
  artifactKey: Guid(0c7742962fbdf724fb74c07c237c0e5d) Importer(815301076,1909f56bfc062723c751e8b465ee728b)
Start importing Assets/ProcessedData/Tile_+005_+008_0.jpg using Guid(0c7742962fbdf724fb74c07c237c0e5d) Importer(815301076,1909f56bfc062723c751e8b465ee728b)  -> (artifact id: '36e1182f238b20a86d8b97fbafb5d6fe') in 0.025714 seconds 
========================================================================
Received Import Request.
  Time since last request: 0.000035 seconds.
  path: Assets/TerrainTexturesPackFree/TerrainTextures/GroundStones01.png
  artifactKey: Guid(17405fba9d20b47408239b3e82d60232) Importer(815301076,1909f56bfc062723c751e8b465ee728b)
Start importing Assets/TerrainTexturesPackFree/TerrainTextures/GroundStones01.png using Guid(17405fba9d20b47408239b3e82d60232) Importer(815301076,1909f56bfc062723c751e8b465ee728b)  -> (artifact id: '92e000b3fb6d47f7c48bafd35ffde53a') in 0.074677 seconds 
========================================================================
Received Import Request.
  Time since last request: 0.000032 seconds.
  path: Assets/ProcessedData/Tile_+007_+007_0.jpg
  artifactKey: Guid(99e012f464b484d43a8010e22ed0635a) Importer(815301076,1909f56bfc062723c751e8b465ee728b)
Start importing Assets/ProcessedData/Tile_+007_+007_0.jpg using Guid(99e012f464b484d43a8010e22ed0635a) Importer(815301076,1909f56bfc062723c751e8b465ee728b)  -> (artifact id: '1a3fb12b692045f691d9e0cff4f2c777') in 0.015889 seconds 
========================================================================
Received Import Request.
  Time since last request: 0.000021 seconds.
  path: Assets/TextMesh Pro/Examples & Extras/Textures/Floor Cement.jpg
  artifactKey: Guid(283f897e4925411ebbaa758b4cb13fc2) Importer(815301076,1909f56bfc062723c751e8b465ee728b)
Start importing Assets/TextMesh Pro/Examples & Extras/Textures/Floor Cement.jpg using Guid(283f897e4925411ebbaa758b4cb13fc2) Importer(815301076,1909f56bfc062723c751e8b465ee728b)  -> (artifact id: 'd669d3a20b318848c0a0923a1b62c564') in 0.010613 seconds 
========================================================================
Received Import Request.
  Time since last request: 0.000024 seconds.
  path: Assets/TextMesh Pro/Examples & Extras/Textures/Wipe Pattern - Radial Double.psd
  artifactKey: Guid(7631f4eff8f74ed38eb3eb9db17134e1) Importer(815301076,1909f56bfc062723c751e8b465ee728b)
Start importing Assets/TextMesh Pro/Examples & Extras/Textures/Wipe Pattern - Radial Double.psd using Guid(7631f4eff8f74ed38eb3eb9db17134e1) Importer(815301076,1909f56bfc062723c751e8b465ee728b)  -> (artifact id: 'ddf5540ba867f9c3b2aa7e93c628b7d8') in 0.010165 seconds 
========================================================================
Received Import Request.
  Time since last request: 0.000022 seconds.
  path: Assets/TextMesh Pro/Examples & Extras/Textures/Small Crate_normal.jpg
  artifactKey: Guid(8878a782f4334ecbbcf683b3ac780966) Importer(815301076,1909f56bfc062723c751e8b465ee728b)
Start importing Assets/TextMesh Pro/Examples & Extras/Textures/Small Crate_normal.jpg using Guid(8878a782f4334ecbbcf683b3ac780966) Importer(815301076,1909f56bfc062723c751e8b465ee728b)  -> (artifact id: 'df21792939b767384690b19362dd98fc') in 0.014525 seconds 
========================================================================
Received Import Request.
  Time since last request: 0.000017 seconds.
  path: Assets/ProcessedData/Tile_+006_+009_0.jpg
  artifactKey: Guid(b1454d78f11b26145bf167b654e1afa0) Importer(815301076,1909f56bfc062723c751e8b465ee728b)
Start importing Assets/ProcessedData/Tile_+006_+009_0.jpg using Guid(b1454d78f11b26145bf167b654e1afa0) Importer(815301076,1909f56bfc062723c751e8b465ee728b)  -> (artifact id: 'b7b1d34b6b5c87b1a1a212efb587af55') in 0.022722 seconds 
========================================================================
Received Import Request.
  Time since last request: 0.000033 seconds.
  path: Assets/TextMesh Pro/Examples & Extras/Textures/Brushed Metal 3.jpg
  artifactKey: Guid(f88677df267a41d6be1e7a6133e7d227) Importer(815301076,1909f56bfc062723c751e8b465ee728b)
Start importing Assets/TextMesh Pro/Examples & Extras/Textures/Brushed Metal 3.jpg using Guid(f88677df267a41d6be1e7a6133e7d227) Importer(815301076,1909f56bfc062723c751e8b465ee728b)  -> (artifact id: '3a66559508ef385f213090d4cc71deb9') in 0.010446 seconds 
========================================================================
Received Import Request.
  Time since last request: 0.000022 seconds.
  path: Assets/OpenXR UX Base/Fonts/IBMPlexMono-SemiBold.ttf
  artifactKey: Guid(ae4794a8d511cce4c85779d019b205a6) Importer(815301076,1909f56bfc062723c751e8b465ee728b)
Start importing Assets/OpenXR UX Base/Fonts/IBMPlexMono-SemiBold.ttf using Guid(ae4794a8d511cce4c85779d019b205a6) Importer(815301076,1909f56bfc062723c751e8b465ee728b)  -> (artifact id: '644ff038790c542af61f5b3a7bb03f02') in 0.017203 seconds 
========================================================================
Received Import Request.
  Time since last request: 0.000023 seconds.
  path: Assets/ProcessedData/Tile_+007_+010_0.jpg
  artifactKey: Guid(c077a608f054c8c41ab803ea2ff415a5) Importer(815301076,1909f56bfc062723c751e8b465ee728b)
Start importing Assets/ProcessedData/Tile_+007_+010_0.jpg using Guid(c077a608f054c8c41ab803ea2ff415a5) Importer(815301076,1909f56bfc062723c751e8b465ee728b)  -> (artifact id: 'cc658119c49bef99a3409bea292eb529') in 0.023668 seconds 
========================================================================
Received Import Request.
  Time since last request: 0.000033 seconds.
  path: Assets/OpenXR UX Base/Fonts/IBMPlexMono-Light.ttf
  artifactKey: Guid(91307b77d1d064345b738cf7e231df98) Importer(815301076,1909f56bfc062723c751e8b465ee728b)
Start importing Assets/OpenXR UX Base/Fonts/IBMPlexMono-Light.ttf using Guid(91307b77d1d064345b738cf7e231df98) Importer(815301076,1909f56bfc062723c751e8b465ee728b)  -> (artifact id: '137ac5a0ea9e591ca2d041c313dc18a4') in 0.014747 seconds 
========================================================================
Received Import Request.
  Time since last request: 0.000039 seconds.
  path: Assets/ProcessedData/Tile_+008_+010_0.jpg
  artifactKey: Guid(d497d8a7f0406d649b1197592b2dbeef) Importer(815301076,1909f56bfc062723c751e8b465ee728b)
Start importing Assets/ProcessedData/Tile_+008_+010_0.jpg using Guid(d497d8a7f0406d649b1197592b2dbeef) Importer(815301076,1909f56bfc062723c751e8b465ee728b)  -> (artifact id: '1d0a7df617ce1410921f9003330fef4b') in 0.014199 seconds 
========================================================================
Received Import Request.
  Time since last request: 0.000030 seconds.
  path: Assets/ProcessedData/Tile_+011_+016_0.jpg
  artifactKey: Guid(316afd6538df6444f98dd49c2a2556e3) Importer(815301076,1909f56bfc062723c751e8b465ee728b)
Start importing Assets/ProcessedData/Tile_+011_+016_0.jpg using Guid(316afd6538df6444f98dd49c2a2556e3) Importer(815301076,1909f56bfc062723c751e8b465ee728b)  -> (artifact id: 'f3e0ab80ced664efeeaa8f2bab4f28c9') in 0.021277 seconds 
========================================================================
Received Import Request.
  Time since last request: 0.000019 seconds.
  path: Assets/ProcessedData/Tile_+004_+004_0.jpg
  artifactKey: Guid(8c498e7e0cffb524891c3a937396a2b9) Importer(815301076,1909f56bfc062723c751e8b465ee728b)
Start importing Assets/ProcessedData/Tile_+004_+004_0.jpg using Guid(8c498e7e0cffb524891c3a937396a2b9) Importer(815301076,1909f56bfc062723c751e8b465ee728b)  -> (artifact id: '6ee58aba56cee246c90249926e3a1ea2') in 0.021630 seconds 
========================================================================
Received Import Request.
  Time since last request: 0.000020 seconds.
  path: Assets/TextMesh Pro/Examples & Extras/Resources/Fonts & Materials/Roboto-Bold SDF.asset
  artifactKey: Guid(5302535af1044152a457ed104f1f4b91) Importer(815301076,1909f56bfc062723c751e8b465ee728b)
Start importing Assets/TextMesh Pro/Examples & Extras/Resources/Fonts & Materials/Roboto-Bold SDF.asset using Guid(5302535af1044152a457ed104f1f4b91) Importer(815301076,1909f56bfc062723c751e8b465ee728b)  -> (artifact id: '5fe67226b4fce1d2e27c859abc328d4b') in 0.016345 seconds 
========================================================================
Received Import Request.
  Time since last request: 0.000017 seconds.
  path: Assets/TerrainTexturesPackFree/TerrainTextures/GroundDryLeaves01_N.png
  artifactKey: Guid(e39dfb80d9815f14da82c65960519b23) Importer(815301076,1909f56bfc062723c751e8b465ee728b)
Start importing Assets/TerrainTexturesPackFree/TerrainTextures/GroundDryLeaves01_N.png using Guid(e39dfb80d9815f14da82c65960519b23) Importer(815301076,1909f56bfc062723c751e8b465ee728b)  -> (artifact id: 'ced4ee069d0fd3e5403e903e8553d6da') in 0.066176 seconds 
========================================================================
Received Import Request.
  Time since last request: 0.000023 seconds.
  path: Assets/ProcessedData/Tile_+004_+003_0.jpg
  artifactKey: Guid(b9a72c33177cfe34fbb6f53e7407db4a) Importer(815301076,1909f56bfc062723c751e8b465ee728b)
Start importing Assets/ProcessedData/Tile_+004_+003_0.jpg using Guid(b9a72c33177cfe34fbb6f53e7407db4a) Importer(815301076,1909f56bfc062723c751e8b465ee728b)  -> (artifact id: '6f79596024f00f38a637729fe865a614') in 0.020554 seconds 
========================================================================
Received Import Request.
  Time since last request: 0.000020 seconds.
  path: Assets/OpenXR UX Base/Fonts/IBMPlexMono-Italic.ttf
  artifactKey: Guid(85b80b9e914b3ad429267b86f70effe2) Importer(815301076,1909f56bfc062723c751e8b465ee728b)
Start importing Assets/OpenXR UX Base/Fonts/IBMPlexMono-Italic.ttf using Guid(85b80b9e914b3ad429267b86f70effe2) Importer(815301076,1909f56bfc062723c751e8b465ee728b)  -> (artifact id: 'e97daaf81cf5a7f76d388f81b5ec6b6d') in 0.016437 seconds 
========================================================================
Received Import Request.
  Time since last request: 0.000028 seconds.
  path: Assets/TerrainTexturesPackFree/TerrainTextures/GroundDryLeaves01.png
  artifactKey: Guid(3f893818068c13c498261af150bea6f3) Importer(815301076,1909f56bfc062723c751e8b465ee728b)
Start importing Assets/TerrainTexturesPackFree/TerrainTextures/GroundDryLeaves01.png using Guid(3f893818068c13c498261af150bea6f3) Importer(815301076,1909f56bfc062723c751e8b465ee728b)  -> (artifact id: 'a1338ff66f9b58e1900c1eb6f63cef24') in 0.075590 seconds 
========================================================================
Received Import Request.
  Time since last request: 0.000023 seconds.
  path: Assets/ProcessedData/Tile_+006_+011_0.jpg
  artifactKey: Guid(5e87f091eab7ffb4580769fb58889021) Importer(815301076,1909f56bfc062723c751e8b465ee728b)
Start importing Assets/ProcessedData/Tile_+006_+011_0.jpg using Guid(5e87f091eab7ffb4580769fb58889021) Importer(815301076,1909f56bfc062723c751e8b465ee728b)  -> (artifact id: 'f753a5edf07d5e3bcfd572559964293b') in 0.015510 seconds 
========================================================================
Received Import Request.
  Time since last request: 0.000025 seconds.
  path: Assets/ProcessedData/Tile_+008_+013_0.jpg
  artifactKey: Guid(423c0e546452c0748b690d0bf9bcfc53) Importer(815301076,1909f56bfc062723c751e8b465ee728b)
Start importing Assets/ProcessedData/Tile_+008_+013_0.jpg using Guid(423c0e546452c0748b690d0bf9bcfc53) Importer(815301076,1909f56bfc062723c751e8b465ee728b)  -> (artifact id: '59e1847ad198e0bf1b20436b2f536bfc') in 0.027866 seconds 
========================================================================
Received Import Request.
  Time since last request: 0.000017 seconds.
  path: Assets/TextMesh Pro/Examples & Extras/Fonts/Anton.ttf
  artifactKey: Guid(997a43b767814dd0a7642ec9b78cba41) Importer(815301076,1909f56bfc062723c751e8b465ee728b)
Start importing Assets/TextMesh Pro/Examples & Extras/Fonts/Anton.ttf using Guid(997a43b767814dd0a7642ec9b78cba41) Importer(815301076,1909f56bfc062723c751e8b465ee728b)  -> (artifact id: '5d69dd413242cabc4141b868dabed409') in 0.012573 seconds 
========================================================================
Received Import Request.
  Time since last request: 0.000015 seconds.
  path: Assets/TextMesh Pro/Examples & Extras/Textures/Mask Zig-n-Zag.psd
  artifactKey: Guid(bb8dfcd263ad4eb383a33d74a720be6f) Importer(815301076,1909f56bfc062723c751e8b465ee728b)
Start importing Assets/TextMesh Pro/Examples & Extras/Textures/Mask Zig-n-Zag.psd using Guid(bb8dfcd263ad4eb383a33d74a720be6f) Importer(815301076,1909f56bfc062723c751e8b465ee728b)  -> (artifact id: 'e349b43aa3ffbff8b977420871e03c99') in 0.011489 seconds 
========================================================================
Received Import Request.
  Time since last request: 0.000014 seconds.
  path: Assets/ProcessedData/Tile_+009_+015_0.jpg
  artifactKey: Guid(a0739812cbbc2ac40875764f6badb667) Importer(815301076,1909f56bfc062723c751e8b465ee728b)
Start importing Assets/ProcessedData/Tile_+009_+015_0.jpg using Guid(a0739812cbbc2ac40875764f6badb667) Importer(815301076,1909f56bfc062723c751e8b465ee728b)  -> (artifact id: '113ede8e83e4b583663a74dc2afecc8e') in 0.016747 seconds 
========================================================================
Received Import Request.
  Time since last request: 0.000043 seconds.
  path: Assets/TextMesh Pro/Examples & Extras/Sprites/Default Sprites.png
  artifactKey: Guid(a0fc465d6cf04254a2938578735e2383) Importer(815301076,1909f56bfc062723c751e8b465ee728b)
Start importing Assets/TextMesh Pro/Examples & Extras/Sprites/Default Sprites.png using Guid(a0fc465d6cf04254a2938578735e2383) Importer(815301076,1909f56bfc062723c751e8b465ee728b)  -> (artifact id: 'a7522697cbb5f246b8fb4b266cd10258') in 0.015755 seconds 
========================================================================
Received Import Request.
  Time since last request: 0.000019 seconds.
  path: Assets/OpenXR UX Base/Fonts/IBMPlexMono-Regular.ttf
  artifactKey: Guid(7a14487f180c51c4ab2f95783cd60d4b) Importer(815301076,1909f56bfc062723c751e8b465ee728b)
Start importing Assets/OpenXR UX Base/Fonts/IBMPlexMono-Regular.ttf using Guid(7a14487f180c51c4ab2f95783cd60d4b) Importer(815301076,1909f56bfc062723c751e8b465ee728b)  -> (artifact id: 'acc106868d228fd211a11b7aa27b5a56') in 0.015706 seconds 
========================================================================
Received Import Request.
  Time since last request: 0.000028 seconds.
  path: Assets/ProcessedData/Tile_+004_+006_0.jpg
  artifactKey: Guid(d996a39323874664e98b2858e1e739ad) Importer(815301076,1909f56bfc062723c751e8b465ee728b)
Start importing Assets/ProcessedData/Tile_+004_+006_0.jpg using Guid(d996a39323874664e98b2858e1e739ad) Importer(815301076,1909f56bfc062723c751e8b465ee728b)  -> (artifact id: '7607fb277df07d9592d9d61bb2f0dd01') in 0.016534 seconds 
========================================================================
Received Import Request.
  Time since last request: 0.000022 seconds.
  path: Assets/OpenXR UX Base/Images/Magic.png
  artifactKey: Guid(7f19bd4f3e5e18c42b90153a1a3805d6) Importer(815301076,1909f56bfc062723c751e8b465ee728b)
Start importing Assets/OpenXR UX Base/Images/Magic.png using Guid(7f19bd4f3e5e18c42b90153a1a3805d6) Importer(815301076,1909f56bfc062723c751e8b465ee728b)  -> (artifact id: '3f3311d18b4726c336fedb88bf83c8b7') in 0.013621 seconds 
========================================================================
Received Import Request.
  Time since last request: 0.000016 seconds.
  path: Assets/ProcessedData/Tile_+004_+009_0.jpg
  artifactKey: Guid(4f5bb498ac0803442a26a5b5c889a74b) Importer(815301076,1909f56bfc062723c751e8b465ee728b)
Start importing Assets/ProcessedData/Tile_+004_+009_0.jpg using Guid(4f5bb498ac0803442a26a5b5c889a74b) Importer(815301076,1909f56bfc062723c751e8b465ee728b)  -> (artifact id: '77bcde90c5223e65c26b1a7d44e14a73') in 0.009004 seconds 
========================================================================
Received Import Request.
  Time since last request: 0.000020 seconds.
  path: Assets/ProcessedData/Tile_+006_+008_0.jpg
  artifactKey: Guid(dc5eb863430fba04ebae2e02e46e6323) Importer(815301076,1909f56bfc062723c751e8b465ee728b)
Start importing Assets/ProcessedData/Tile_+006_+008_0.jpg using Guid(dc5eb863430fba04ebae2e02e46e6323) Importer(815301076,1909f56bfc062723c751e8b465ee728b)  -> (artifact id: 'c1db8119c6122437b1db6e016b4c5eb0') in 0.014637 seconds 
========================================================================
Received Import Request.
  Time since last request: 0.000020 seconds.
  path: Assets/ProcessedData/Tile_+006_+013_0.jpg
  artifactKey: Guid(a5b6f29267323f04a93a7d927868bc04) Importer(815301076,1909f56bfc062723c751e8b465ee728b)
Start importing Assets/ProcessedData/Tile_+006_+013_0.jpg using Guid(a5b6f29267323f04a93a7d927868bc04) Importer(815301076,1909f56bfc062723c751e8b465ee728b)  -> (artifact id: '1436fc4f76f675607350dcc7d6aabc1b') in 0.024322 seconds 
========================================================================
Received Import Request.
  Time since last request: 0.000038 seconds.
  path: Assets/ProcessedData/Tile_+007_+011_0.jpg
  artifactKey: Guid(bf87cb90dbb92354aa82fd62d7c33fc2) Importer(815301076,1909f56bfc062723c751e8b465ee728b)
Start importing Assets/ProcessedData/Tile_+007_+011_0.jpg using Guid(bf87cb90dbb92354aa82fd62d7c33fc2) Importer(815301076,1909f56bfc062723c751e8b465ee728b)  -> (artifact id: 'ce13002cca158a9be64c3547c4bcc482') in 0.023700 seconds 
========================================================================
Received Import Request.
  Time since last request: 0.000020 seconds.
  path: Assets/OpenXR UX Base/Fonts/IBMPlexMono-LightItalic.ttf
  artifactKey: Guid(ff84830249b3fa4448f43029f52f6ff7) Importer(815301076,1909f56bfc062723c751e8b465ee728b)
Start importing Assets/OpenXR UX Base/Fonts/IBMPlexMono-LightItalic.ttf using Guid(ff84830249b3fa4448f43029f52f6ff7) Importer(815301076,1909f56bfc062723c751e8b465ee728b)  -> (artifact id: '923b362cc26496a67e71bdaba41f3f55') in 0.015579 seconds 
========================================================================
Received Import Request.
  Time since last request: 0.000020 seconds.
  path: Assets/ProcessedData/Tile_+010_+017_0.jpg
  artifactKey: Guid(0ec70cd4eed9b8344a838668979f4808) Importer(815301076,1909f56bfc062723c751e8b465ee728b)
Start importing Assets/ProcessedData/Tile_+010_+017_0.jpg using Guid(0ec70cd4eed9b8344a838668979f4808) Importer(815301076,1909f56bfc062723c751e8b465ee728b)  -> (artifact id: '5cdef2e7d5350f9267075b5d29969e14') in 0.021768 seconds 
========================================================================
Received Import Request.
  Time since last request: 0.000018 seconds.
  path: Assets/ProcessedData/Tile_+002_+004_0.jpg
  artifactKey: Guid(d37b5b9f984ab46438c282d16d73fc59) Importer(815301076,1909f56bfc062723c751e8b465ee728b)
Start importing Assets/ProcessedData/Tile_+002_+004_0.jpg using Guid(d37b5b9f984ab46438c282d16d73fc59) Importer(815301076,1909f56bfc062723c751e8b465ee728b)  -> (artifact id: 'f39f69230c6147e6655b72162d17b2e5') in 0.009725 seconds 
========================================================================
Received Import Request.
  Time since last request: 0.000017 seconds.
  path: Assets/ProcessedData/Tile_+002_+002_0.jpg
  artifactKey: Guid(65e9f08fe781ea84e9e8c428c443442c) Importer(815301076,1909f56bfc062723c751e8b465ee728b)
Start importing Assets/ProcessedData/Tile_+002_+002_0.jpg using Guid(65e9f08fe781ea84e9e8c428c443442c) Importer(815301076,1909f56bfc062723c751e8b465ee728b)  -> (artifact id: '21daab06a5b7a3ee61c9c79dcf222652') in 0.016553 seconds 
========================================================================
Received Import Request.
  Time since last request: 0.000017 seconds.
  path: Assets/OpenXR UX Base/Fonts/IBMPlexMono-ThinItalic.ttf
  artifactKey: Guid(431dac20c2cbb9c45a30c04fe116879a) Importer(815301076,1909f56bfc062723c751e8b465ee728b)
Start importing Assets/OpenXR UX Base/Fonts/IBMPlexMono-ThinItalic.ttf using Guid(431dac20c2cbb9c45a30c04fe116879a) Importer(815301076,1909f56bfc062723c751e8b465ee728b)  -> (artifact id: '89a3461db9fa39a8d820cd57aecccfbb') in 0.014395 seconds 
========================================================================
Received Import Request.
  Time since last request: 0.000017 seconds.
  path: Assets/ProcessedData/Tile_+003_+006_0.jpg
  artifactKey: Guid(ba2a9c00ee6b3534fad254b94d01e07b) Importer(815301076,1909f56bfc062723c751e8b465ee728b)
Start importing Assets/ProcessedData/Tile_+003_+006_0.jpg using Guid(ba2a9c00ee6b3534fad254b94d01e07b) Importer(815301076,1909f56bfc062723c751e8b465ee728b)  -> (artifact id: '434a0292096e7c489bb73e51ddde8c31') in 0.021794 seconds 
========================================================================
Received Import Request.
  Time since last request: 0.000019 seconds.
  path: Assets/OpenXR UX Base/Images/Icons/VR Start.png
  artifactKey: Guid(f7561ba2294e2d14f8d0b7026d89273d) Importer(815301076,1909f56bfc062723c751e8b465ee728b)
Start importing Assets/OpenXR UX Base/Images/Icons/VR Start.png using Guid(f7561ba2294e2d14f8d0b7026d89273d) Importer(815301076,1909f56bfc062723c751e8b465ee728b)  -> (artifact id: '7c417a17ed97eaac9f7a90f03dd79c10') in 0.093770 seconds 
========================================================================
Received Import Request.
  Time since last request: 0.000021 seconds.
  path: Assets/ProcessedData/Tile_+009_+012_0.jpg
  artifactKey: Guid(cb672c257106c6e4cb8ad3bcd4815897) Importer(815301076,1909f56bfc062723c751e8b465ee728b)
Start importing Assets/ProcessedData/Tile_+009_+012_0.jpg using Guid(cb672c257106c6e4cb8ad3bcd4815897) Importer(815301076,1909f56bfc062723c751e8b465ee728b)  -> (artifact id: 'c1205728222bcd1c74a9e06a5a59b425') in 0.014860 seconds 
========================================================================
Received Import Request.
  Time since last request: 0.000028 seconds.
  path: Assets/ProcessedData/Tile_+006_+005_0.jpg
  artifactKey: Guid(a7b4e8109b9ff194ba14cc48d20f418b) Importer(815301076,1909f56bfc062723c751e8b465ee728b)
Start importing Assets/ProcessedData/Tile_+006_+005_0.jpg using Guid(a7b4e8109b9ff194ba14cc48d20f418b) Importer(815301076,1909f56bfc062723c751e8b465ee728b)  -> (artifact id: '4091a83c43ca2fc2e7df380473acde59') in 0.015419 seconds 
========================================================================
Received Import Request.
  Time since last request: 0.000018 seconds.
  path: Assets/ProcessedData/Tile_+007_+015_0.jpg
  artifactKey: Guid(065ce1f531d945b4583f6893dfc90b00) Importer(815301076,1909f56bfc062723c751e8b465ee728b)
Start importing Assets/ProcessedData/Tile_+007_+015_0.jpg using Guid(065ce1f531d945b4583f6893dfc90b00) Importer(815301076,1909f56bfc062723c751e8b465ee728b)  -> (artifact id: 'bbce5d6549b60357a64520b3f8c20cb9') in 0.022314 seconds 
========================================================================
Received Import Request.
  Time since last request: 0.000021 seconds.
  path: Assets/TerrainTexturesPackFree/TerrainTextures/GrassUV01_N.png
  artifactKey: Guid(77f758ad16f6580469ca8f42205f7b78) Importer(815301076,1909f56bfc062723c751e8b465ee728b)
Start importing Assets/TerrainTexturesPackFree/TerrainTextures/GrassUV01_N.png using Guid(77f758ad16f6580469ca8f42205f7b78) Importer(815301076,1909f56bfc062723c751e8b465ee728b)  -> (artifact id: 'd77bfb62f584c2bfaaa24dcb477b8f89') in 0.068994 seconds 
========================================================================
Received Import Request.
  Time since last request: 79.176296 seconds.
  path: Assets/OpenXR UX Base/Images
  artifactKey: Guid(3a9296f3e769ce64ba501f09927c532f) Importer(815301076,1909f56bfc062723c751e8b465ee728b)
Start importing Assets/OpenXR UX Base/Images using Guid(3a9296f3e769ce64ba501f09927c532f) Importer(815301076,1909f56bfc062723c751e8b465ee728b)  -> (artifact id: '78180e9f5c6ef5357b71f097783f6074') in 0.003435 seconds 
========================================================================
Received Import Request.
  Time since last request: 0.065169 seconds.
  path: Assets/OpenXR UX Base/Images/NewLayer.terrainlayer
  artifactKey: Guid(f276be94f09cb89429088fce8ff17c4f) Importer(815301076,1909f56bfc062723c751e8b465ee728b)
Start importing Assets/OpenXR UX Base/Images/NewLayer.terrainlayer using Guid(f276be94f09cb89429088fce8ff17c4f) Importer(815301076,1909f56bfc062723c751e8b465ee728b)  -> (artifact id: 'de2292c16458939c292b0f43ba78154c') in 0.021321 seconds 
========================================================================
Received Import Request.
  Time since last request: 0.886960 seconds.
  path: Assets/OpenXR UX Base/Images/Icons
  artifactKey: Guid(f282428b9244b554689f44b5cf1602c8) Importer(815301076,1909f56bfc062723c751e8b465ee728b)
Start importing Assets/OpenXR UX Base/Images/Icons using Guid(f282428b9244b554689f44b5cf1602c8) Importer(815301076,1909f56bfc062723c751e8b465ee728b)  -> (artifact id: 'b0371c6d80a0ccc747dd14272e9e3f42') in 0.002758 seconds 
========================================================================
Received Prepare
Refreshing native plugins compatible for Editor in 8.39 ms, found 8 plugins.
Preloading 0 native plugins for Editor in 0.00 ms.
Unloading 31 Unused Serialized files (Serialized files now loaded: 0)
Unloading 31 unused Assets / (21.9 KB). Loaded Objects now: 4543.
Memory consumption went from 68.9 MB to 68.9 MB.
Total: 3.879700 ms (FindLiveObjects: 0.330900 ms CreateObjectMapping: 0.134900 ms MarkObjects: 3.393100 ms  DeleteObjects: 0.019700 ms)

AssetImportParameters requested are different than current active one (requested -> active):
  custom:video-decoder-ogg-theora: a1e56fd34408186e4bbccfd4996cb3dc -> 
  custom:container-muxer-webm: aa71ff27fc2769a1b78a27578f13a17b -> 
  custom:container-demuxer-webm: 4f35f7cbe854078d1ac9338744f61a02 -> 
  custom:video-encoder-webm-vp8: eb34c28f22e8b96e1ab97ce403110664 -> 
  custom:audio-encoder-webm-vorbis: bf7c407c2cedff20999df2af8eb42d56 -> 
  custom:framework-win-MediaFoundation: 216162199b28c13a410421893ffa2e32 -> 
  custom:container-demuxer-ogg: 62fdf1f143b41e24485cea50d1cbac27 -> 
  custom:video-decoder-webm-vp8: 9c59270c3fd7afecdb556c50c9e8de78 -> 
  custom:audio-decoder-ogg-vorbis: bf7c407c2cedff20999df2af8eb42d56 -> 
========================================================================
Received Prepare
Refreshing native plugins compatible for Editor in 11.95 ms, found 8 plugins.
Preloading 0 native plugins for Editor in 0.00 ms.
Unloading 31 Unused Serialized files (Serialized files now loaded: 0)
Unloading 31 unused Assets / (21.9 KB). Loaded Objects now: 4543.
Memory consumption went from 68.9 MB to 68.9 MB.
Total: 3.902800 ms (FindLiveObjects: 0.454500 ms CreateObjectMapping: 0.242700 ms MarkObjects: 3.180400 ms  DeleteObjects: 0.024100 ms)

AssetImportParameters requested are different than current active one (requested -> active):
  custom:video-decoder-ogg-theora: a1e56fd34408186e4bbccfd4996cb3dc -> 
  custom:container-muxer-webm: aa71ff27fc2769a1b78a27578f13a17b -> 
  custom:container-demuxer-webm: 4f35f7cbe854078d1ac9338744f61a02 -> 
  custom:video-encoder-webm-vp8: eb34c28f22e8b96e1ab97ce403110664 -> 
  custom:audio-encoder-webm-vorbis: bf7c407c2cedff20999df2af8eb42d56 -> 
  custom:framework-win-MediaFoundation: 216162199b28c13a410421893ffa2e32 -> 
  custom:container-demuxer-ogg: 62fdf1f143b41e24485cea50d1cbac27 -> 
  custom:video-decoder-webm-vp8: 9c59270c3fd7afecdb556c50c9e8de78 -> 
  custom:audio-decoder-ogg-vorbis: bf7c407c2cedff20999df2af8eb42d56 -> 
